Log file open, 05/28/15 18:51:55
LogInit:Display: Running engine for game: NagaQuest
LogInit: Version: 4.7.6-2513093+++depot+UE4-Releases+4.7
LogInit: API Version: 2455222
LogInit: Compiled (64-bit): Apr 15 2015 12:09:54
LogInit: Compiled with Visual C++: 18.00.21005.01
LogInit: Build Configuration: Development
LogInit: Branch Name: ++depot+UE4-Releases+4.7
LogInit: Command line:  
LogInit: Base directory: G:/UE4/Epic Games/4.7/Engine/Binaries/Win64/
LogInit: Rocket: 1
[2015.05.28-16.51.55:775][  0]LogTaskGraph: Started task graph with 3 named threads and 6 total threads.
[2015.05.28-16.51.55:824][  0]LogOnline:Warning: No default platform service specified for OnlineSubsystem
[2015.05.28-16.51.55:902][  0]LogInit: Presizing for 0 objects not considered by GC, pre-allocating 0 bytes.
[2015.05.28-16.51.56:042][  0]LogInit: Object subsystem initialized
[2015.05.28-16.51.56:192][  0]LogConsoleResponse:Warning: Skipping Unknown console variable: 'UIScaleRule = ShortestSide'
[2015.05.28-16.51.56:192][  0]LogConsoleResponse:Warning:   Found in ini file 'G:/UE4/Unreal Projects/NagaQuest 4.7/Saved/Config/Windows/Engine.ini', in section '[/Script/Engine.RendererSettings]'
[2015.05.28-16.51.56:192][  0]LogConsoleResponse:Warning: Skipping Unknown console variable: 'UIScaleCurve = (EditorCurveData=(Keys=),ExternalCurve=None)'
[2015.05.28-16.51.56:192][  0]LogConsoleResponse:Warning:   Found in ini file 'G:/UE4/Unreal Projects/NagaQuest 4.7/Saved/Config/Windows/Engine.ini', in section '[/Script/Engine.RendererSettings]'
[2015.05.28-16.51.56:218][  0]LogConsoleManager:Warning: Console variable 'r.MSAA.CompositingSampleCount' wasn't set (Priority ProjectSetting < Scalability)
[2015.05.28-16.51.56:239][  0]LogInit: Selected Device Profile: [Windows]
[2015.05.28-16.51.56:242][  0]LogInit: Applying CVar settings loaded from the selected device profile: [Windows]
[2015.05.28-16.51.56:320][  0]LogInit: Computer: ALLAZE-PRO-PC
[2015.05.28-16.51.56:320][  0]LogInit: User: allazepro
[2015.05.28-16.51.56:320][  0]LogInit: CPU Page size=4096, Cores=4
[2015.05.28-16.51.56:320][  0]LogInit: High frequency timer resolution =3.417978 MHz
[2015.05.28-16.51.56:320][  0]LogMemory: Memory total: Physical=31.9GB (32GB approx) Virtual=8192.0GB
[2015.05.28-16.51.56:321][  0]LogMemory: Platform Memory Stats for Windows
[2015.05.28-16.51.56:321][  0]LogMemory: Process Physical Memory: 48.18 MB used, 48.18 MB peak
[2015.05.28-16.51.56:321][  0]LogMemory: Process Virtual Memory: 25.23 MB used, 25.23 MB peak
[2015.05.28-16.51.56:321][  0]LogMemory: Physical Memory: 9379.02 MB used, 32708.77 MB total
[2015.05.28-16.51.56:321][  0]LogMemory: Virtual Memory: 281.88 MB used, 8388608.00 MB total
[2015.05.28-16.51.56:394][  0]LogD3D11RHI: Found D3D11 adapter 0: NVIDIA GeForce GTX 770 (Feature Level 11_0)
[2015.05.28-16.51.56:394][  0]LogD3D11RHI: Adapter has 4027MB of dedicated video memory, 0MB of dedicated system memory, and 16098MB of shared system memory, 2 output[s]
[2015.05.28-16.51.56:394][  0]LogD3D11RHI: Chosen D3D11 Adapter Id = 0
[2015.05.28-16.51.56:413][  0]LogRHI: Texture pool is 1361 MB (70% of 1945 MB)
[2015.05.28-16.51.56:420][  0]LogD3D11RHI: Async texture creation enabled
[2015.05.28-16.51.57:492][  0]LogTextLocalizationManager: The requested culture ('fr_FR') has no localization data; falling back to 'en' for localization and internationalization data.
[2015.05.28-16.51.57:616][  0]LogTextLocalizationManager:Warning: Loading localization resources contain conflicting entries for (Namespace:UICommands, Key:Save_ToolTip):
Resource: (G:/UE4/Epic Games/4.7/Engine/Content/Localization/Editor/en/Editor.locres) Hash: (-29098895) String: (Saves the current level to disk)
Resource: (G:/UE4/Epic Games/4.7/Engine/Content/Localization/Engine/en/Engine.locres) Hash: (-1280300587) String: (Save selected data to vlog file)
[2015.05.28-16.51.57:616][  0]LogTextLocalizationManager:Warning: Loading localization resources contain conflicting entries for (Namespace:ContentBrowser, Key:ImportAssetToolTip):
Resource: (G:/UE4/Epic Games/4.7/Engine/Content/Localization/Editor/en/Editor.locres) Hash: (-630476809) String: (Import to {0}...)
Resource: (G:/UE4/Epic Games/4.7/Engine/Content/Localization/Editor/en/Editor.locres) Hash: (1271782899) String: (Imports an asset from file to this folder.)
[2015.05.28-16.51.57:695][  0]LogContentStreaming: Texture pool size is 0.000000MB
[2015.05.28-16.52.01:363][  0]LogTargetPlatformManager:Display: Building Assets For Windows
[2015.05.28-16.52.02:135][  0]LogTargetPlatformManager:Display: Building Assets For Windows
[2015.05.28-16.52.02:225][  0]LogDerivedDataCache:Display: Max Cache Size: 512 MB
[2015.05.28-16.52.02:320][  0]LogDerivedDataCache: Loaded boot cache 0.09s 39MB C:/Users/allaze-pro/AppData/Local/UnrealEngine/4.7/DerivedDataCache/Boot.ddc.
[2015.05.28-16.52.02:320][  0]LogDerivedDataCache:Display: Loaded Boot cache: C:/Users/allaze-pro/AppData/Local/UnrealEngine/4.7/DerivedDataCache/Boot.ddc
[2015.05.28-16.52.02:320][  0]LogDerivedDataCache: FDerivedDataBackendGraph:  Pak pak cache file ../../../../../Unreal Projects/NagaQuest 4.7/DerivedDataCache/DDC.ddp not found, will not use a pak cache.
[2015.05.28-16.52.02:320][  0]LogDerivedDataCache: Unable to find inner node Pak for hierarchical cache Hierarchy.
[2015.05.28-16.52.02:465][  0]LogDerivedDataCache:Display: Pak cache opened for reading ../../../Engine/DerivedDataCache/Compressed.ddp.
[2015.05.28-16.52.02:477][  0]LogDerivedDataCache: Using Local data cache path C:/Users/allaze-pro/AppData/Local/UnrealEngine/Common/DerivedDataCache: Writable
[2015.05.28-16.52.07:920][  0]LogMeshUtilities: No automatic mesh reduction module available
[2015.05.28-16.52.07:920][  0]LogMeshUtilities: No automatic mesh merging module available
[2015.05.28-16.52.09:937][  0]LogInit: WinSock: version 1.1 (2.2), MaxSocks=32767, MaxUdp=65467
[2015.05.28-16.52.10:126][  0]LogSlate:Warning: Failed to load font data from '../../../Engine/Content/Slate/Fonts/Roboto-Italic.ttf'
[2015.05.28-16.52.19:029][  0]UdpMessaging: Initializing bridge on interface 0.0.0.0:0 to multicast group 230.0.0.1:6666.
[2015.05.28-16.52.19:959][  0]SourceControl: Info Source control is disabled
[2015.05.28-16.52.19:959][  0]SourceControl: Info Source control is disabled
[2015.05.28-16.52.19:959][  0]SourceControl: Info Source control is disabled
[2015.05.28-16.52.19:959][  0]LogSourceControl: RunCommandInternalRaw: 'git version'
[2015.05.28-16.52.19:960][  0]LogSourceControl: RunCommandInternalRaw: ExecProcess ReturnCode=2 OutResults=''
[2015.05.28-16.52.19:965][  0]SourceControl: Info Source control is disabled
[2015.05.28-16.52.20:814][  0]LogObj: 24232 objects as part of root set at end of initial load.
[2015.05.28-16.52.20:814][  0]LogUObjectAllocator: 5137176 out of 0 bytes used by permanent object pool.
[2015.05.28-16.52.21:297][  0]LogEngine: Initializing Engine...
[2015.05.28-16.52.23:688][  0]LogInit: XAudio2 using 'Haut-parleurs (Realtek High Definition Audio)' : 2 channels at 48 kHz using 32 bits per sample (channel mask 0x3)
[2015.05.28-16.52.23:698][  0]LogInit: FAudioDevice initialized.
[2015.05.28-16.52.24:168][  0]LogAIModule: Creating AISystem for world NewWorld
[2015.05.28-16.52.24:279][  0]LogDerivedDataCache: Saved boot cache 0.02s 39MB C:/Users/allaze-pro/AppData/Local/UnrealEngine/4.7/DerivedDataCache/Boot.ddc.
[2015.05.28-16.52.24:281][  0]LogInit: Texture streaming: Enabled
[2015.05.28-16.52.24:732][  0]LogAnalytics: Creating configured Analytics provider AnalyticsET
[2015.05.28-16.52.24:732][  0]LogAnalytics: ET APIKey = Rocket.Release. APIServer = http://et2.epicgames.com/ET2/. AppVersion = 4.7.6-2513093+++depot+UE4-Releases+4.7
[2015.05.28-16.52.24:732][  0]LogAnalytics: ET APIKey = Rocket.Release. DataRouterUploadURL = https://datarouter-public-service-gamedev.ol.epicgames.net/datarouter/api/v1/public/data. AppVersion = 4.7.6-2513093+++depot+UE4-Releases+4.7
[2015.05.28-16.52.24:732][  0]LogAnalytics: SetUserId a76b587643b4c4813f73aeba399cedd3|0cff796e62bc4c93b776744bbea7748c|0efb23af-f91b-4646-87d1-d0f8b95db058
[2015.05.28-16.52.24:765][  0]LogAnalytics: AnalyticsET::StartSession [Rocket.Release]
[2015.05.28-16.52.24:812][  0]LogInit: Transaction tracking system initialized
[2015.05.28-16.52.25:862][  0]BlueprintLog: New page: Editor Load
[2015.05.28-16.52.25:993][  0]LogAssetRegistry: FAssetRegistry took 0.0208 seconds to start up
[2015.05.28-16.52.25:994][  0]LogDirectoryWatcher:Warning: Failed to begin reading directory changes for ../../../Engine/Plugins/Experimental/CharacterAI/Content/. Error: 0
[2015.05.28-16.52.29:698][  0]LogTargetPlatformManager:Display: Building Assets For Windows
[2015.05.28-16.52.29:985][  0]LogTargetPlatformManager:Display: Building Assets For Windows
[2015.05.28-16.52.32:480][  0]LogSlate:Warning: Failed to load font data from '../../../Engine/Content/Editor/Slate/Fonts/Roboto-Regular.ttf'
[2015.05.28-16.52.32:512][  0]LogSlate:Warning: Failed to load font data from '../../../Engine/Content/Editor/Slate/Fonts/Roboto-Bold.ttf'
[2015.05.28-16.52.32:663][  0]LogConsoleResponse:Display: 
[2015.05.28-16.52.34:939][  0]LogCook:Display: Done creating registry. It took  0.00s.
[2015.05.28-16.52.37:423][  0]SourceControl: Info Source control is disabled
[2015.05.28-16.52.37:530][  0]Cmd: MAP LOAD FILE="../../../../../Unreal Projects/NagaQuest 4.7/Content/Maps/Example_Map.umap" TEMPLATE=0 SHOWPROGRESS=1 FEATURELEVEL=3
[2015.05.28-16.52.37:601][  0]LightingResults: New page: Lighting Build
[2015.05.28-16.52.37:734][  0]MapCheck: New page: Map Check
[2015.05.28-16.52.37:734][  0]LightingResults: New page: Lighting Build
[2015.05.28-16.52.37:975][  0]LogParticles: Destroying 0 GPU particle simulations for FXSystem 0x00000000040DA980
[2015.05.28-16.52.39:244][  0]LogTexture:Display: Building textures: HQ_Lightmap0_1 (AutoDXT)
[2015.05.28-16.52.39:338][  0]LogTexture:Display: Building textures: HQ_Lightmap1_2 (AutoDXT)
[2015.05.28-16.52.39:349][  0]LogTexture:Display: Building textures: LQ_Lightmap_0_1 (DXT1)
[2015.05.28-16.52.39:400][  0]LogTexture:Display: Building textures: LQ_Lightmap_1_2 (DXT1)
[2015.05.28-16.52.39:410][  0]LogTexture:Display: Building textures: ShadowMapTexture2D_5 (BGRA8)
[2015.05.28-16.52.39:431][  0]LogTexture:Display: Building textures: ShadowMapTexture2D_6 (BGRA8)
[2015.05.28-16.52.39:742][  0]LogEditorServer: Finished looking for orphan Actors (0.000 secs)
[2015.05.28-16.52.39:765][  0]LogAIModule: Creating AISystem for world Example_Map
[2015.05.28-16.52.39:771][  0]Cmd: MAP CHECKDEP
[2015.05.28-16.52.39:785][  0]MapCheck: New page: Example_Map - May 28, 2015, 8:52:39 PM
[2015.05.28-16.52.39:833][  0]MapCheck: Info Map check complete: 0 Error(s), 0 Warning(s), took 61.555ms to complete.
[2015.05.28-16.52.39:833][  0]LogFileHelpers: Loading map 'Example_Map' took 2.373
[2015.05.28-16.52.41:166][  0]LogCollectionManager: Loaded 0 collections in 0.001340 seconds
[2015.05.28-16.52.41:173][  0]LogContentBrowser: Native class hierarchy populated in 0.0070 seconds. Added 1696 classes and 261 folders.
[2015.05.28-16.52.41:400][  0]LogContentBrowser: Native class hierarchy updated for 'SceneOutliner' in 0.0010 seconds. Added 1 classes and 2 folders.
[2015.05.28-16.52.41:864][  0]LogCrashTracker: Crashtracker disabled due to settings.
[2015.05.28-16.52.41:916][  0]LogSlate:Warning: Failed to load font data from 'Veranda'
[2015.05.28-16.52.41:968][  0]LogUObjectGlobals:Warning: Failed to find object 'Class None.'
[2015.05.28-16.52.42:039][  0]LogLoad: Full Startup: 52.52 seconds (BP compile: 0.36 seconds)
[2015.05.28-16.52.42:445][  0]LogContentBrowser:Verbose: The content browser source was changed by the sources view to '/Game/Maps'
[2015.05.28-16.52.43:105][  0]LogRenderer:Warning: Reallocating scene render targets to support 1208x584 (Frame:2).
[2015.05.28-16.52.43:958][  3]LogAssetRegistry: Asset discovery search completed in 17.9855 seconds
[2015.05.28-16.52.47:963][ 16]LogSynthBenchmark:Display: FSynthBenchmark (V0.95):  requested WorkScale=1.00
[2015.05.28-16.52.47:963][ 16]LogSynthBenchmark:Display: ===============
[2015.05.28-16.52.47:963][ 16]LogSynthBenchmark:Display: Main Processor:
[2015.05.28-16.52.48:000][ 16]LogSynthBenchmark:Display:          ... 0.016598 s/Run 'RayIntersect'
[2015.05.28-16.52.48:000][ 16]LogSynthBenchmark:Display:          ... 0.020380 s/Run 'Fractal'
[2015.05.28-16.52.48:000][ 16]LogSynthBenchmark:Display: 
[2015.05.28-16.52.48:000][ 16]LogSynthBenchmark:Display:   CompiledTarget_x_Bits: 64
[2015.05.28-16.52.48:000][ 16]LogSynthBenchmark:Display:   UE_BUILD_SHIPPING: 0
[2015.05.28-16.52.48:000][ 16]LogSynthBenchmark:Display:   UE_BUILD_TEST: 0
[2015.05.28-16.52.48:000][ 16]LogSynthBenchmark:Display:   UE_BUILD_DEBUG: 0
[2015.05.28-16.52.48:000][ 16]LogSynthBenchmark:Display:   TotalPhysicalGBRam: 32
[2015.05.28-16.52.48:000][ 16]LogSynthBenchmark:Display:   NumberOfCores (physical): 4
[2015.05.28-16.52.48:000][ 16]LogSynthBenchmark:Display:   NumberOfCores (logical): 8
[2015.05.28-16.52.48:000][ 16]LogSynthBenchmark:Display:   CPU Perf Index 0: 154.3
[2015.05.28-16.52.48:000][ 16]LogSynthBenchmark:Display:   CPU Perf Index 1: 140.3
[2015.05.28-16.52.48:000][ 16]LogSynthBenchmark:Display:  
[2015.05.28-16.52.48:000][ 16]LogSynthBenchmark:Display: Graphics:
[2015.05.28-16.52.48:000][ 16]LogSynthBenchmark:Display:   Adapter Name: 'NVIDIA GeForce GTX 770'
[2015.05.28-16.52.48:000][ 16]LogSynthBenchmark:Display:   (On Optimus the name might be wrong, memory should be ok)
[2015.05.28-16.52.48:000][ 16]LogSynthBenchmark:Display:   Vendor Id: 0x10de
[2015.05.28-16.52.48:000][ 16]LogSynthBenchmark:Display:   GPU Memory: 4028/0/16099 MB
[2015.05.28-16.52.48:000][ 16]LogSynthBenchmark:Display:   CPUIndex: 154.3
[2015.05.28-16.52.48:000][ 16]LogSynthBenchmark:Display:   GPUIndex: -1.$
[2015.05.28-16.52.48:000][ 16]LogSynthBenchmark:Display: 
[2015.05.28-16.52.48:000][ 16]LogSynthBenchmark:Display:          ... Total Time: 0.037344 sec
[2015.05.28-17.49.17:904][253]LogContentBrowser:Verbose: The content browser source was changed by the sources view to '/Game/Character'
[2015.05.28-17.49.18:510][294]LogContentBrowser:Verbose: The content browser source was changed by the sources view to '/Game/Maps'
[2015.05.28-17.49.19:686][387]LogContentBrowser:Verbose: The content browser source was changed by the sources view to '/Game/Character'
[2015.05.28-17.49.24:437][687]LogContentBrowser:Verbose: The content browser source was changed by the sources view to '/Game/Maps'
[2015.05.28-17.49.27:670][848]LogTexture:Display: Building textures: T_OldRuin_v1 (AutoDXT)
[2015.05.28-17.49.27:712][848]LogMaterial: Missing cached shader map for material Oldruin1, compiling. 
[2015.05.28-17.49.27:762][848]LogTexture:Display: Building textures: hairs (AutoDXT)
[2015.05.28-17.49.27:766][848]LogMaterial: Missing cached shader map for material mainchar_hair, compiling. 
[2015.05.28-17.49.27:772][848]LogTexture:Display: Building textures: tail (AutoDXT)
[2015.05.28-17.49.27:778][848]LogMaterial: Missing cached shader map for material mainchar_tail, compiling. 
[2015.05.28-17.49.27:786][848]LogTexture:Display: Building textures: horse_pouch_v5-diff (AutoDXT)
[2015.05.28-17.49.27:810][848]LogMaterial: Missing cached shader map for material horse_pouch_body, compiling. 
[2015.05.28-17.49.27:816][848]LogTexture:Display: Building textures: horse_pouch_v5-diff3 (AutoDXT)
[2015.05.28-17.49.27:824][848]LogMaterial: Missing cached shader map for material horse_pouch_hair, compiling. 
[2015.05.28-17.49.27:842][848]LogTexture:Display: Building textures: horse_pouch_v5-diff2 (AutoDXT)
[2015.05.28-17.49.27:866][848]LogMaterial: Missing cached shader map for material horse_pouch_leg_head, compiling. 
[2015.05.28-17.49.27:872][848]LogStaticMesh: Building static mesh horse_pouch1...
[2015.05.28-17.49.27:960][848]LogStaticMesh: Built static mesh [87.410454ms] /Game/Meshes/Characters/horse_pouch1.horse_pouch1
[2015.05.28-17.49.27:963][848]LogTexture:Display: Building textures: head (AutoDXT)
[2015.05.28-17.49.27:970][848]LogMaterial: Missing cached shader map for material mainchar_head, compiling. 
[2015.05.28-17.49.27:978][848]LogTexture:Display: Building textures: torso (AutoDXT)
[2015.05.28-17.49.27:982][848]LogMaterial: Missing cached shader map for material mainchar_torso, compiling. 
[2015.05.28-17.49.27:989][848]LogStaticMesh: Building static mesh main_char2...
[2015.05.28-17.49.28:011][848]LogStaticMesh: Built static mesh [22.458015ms] /Game/Meshes/Characters/main_char2.main_char2
[2015.05.28-17.49.28:014][848]LogStaticMesh: Building static mesh Oldruin1_gound1a...
[2015.05.28-17.49.28:016][848]LogStaticMesh: Built static mesh [1.652732ms] /Game/Meshes/Levels/OldRuin1/Oldruin1_gound1a.Oldruin1_gound1a
[2015.05.28-17.49.28:016][848]LogStaticMesh: Building static mesh Oldruin1_ground1b...
[2015.05.28-17.49.28:018][848]LogStaticMesh: Built static mesh [2.251916ms] /Game/Meshes/Levels/OldRuin1/Oldruin1_ground1b.Oldruin1_ground1b
[2015.05.28-17.49.28:019][848]LogStaticMesh: Building static mesh Oldruin1_gound1c...
[2015.05.28-17.49.28:020][848]LogStaticMesh: Built static mesh [1.768882ms] /Game/Meshes/Levels/OldRuin1/Oldruin1_gound1c.Oldruin1_gound1c
[2015.05.28-17.49.28:021][848]LogStaticMesh: Building static mesh Oldruin1_ground2b...
[2015.05.28-17.49.28:023][848]LogStaticMesh: Built static mesh [2.017275ms] /Game/Meshes/Levels/OldRuin1/Oldruin1_ground2b.Oldruin1_ground2b
[2015.05.28-17.49.28:024][848]LogStaticMesh: Building static mesh Oldruin1_ground3b...
[2015.05.28-17.49.28:026][848]LogStaticMesh: Built static mesh [1.864260ms] /Game/Meshes/Levels/OldRuin1/Oldruin1_ground3b.Oldruin1_ground3b
[2015.05.28-17.49.28:058][848]LogTexture:Display: Building textures: HQ_Lightmap0_1 (AutoDXT)
[2015.05.28-17.49.28:319][848]LogTexture:Display: Building textures: HQ_Lightmap0_2 (AutoDXT)
[2015.05.28-17.49.28:332][848]LogTexture:Display: Building textures: LQ_Lightmap_0_1 (DXT1)
[2015.05.28-17.49.28:453][848]LogTexture:Display: Building textures: LQ_Lightmap_0_2 (DXT1)
[2015.05.28-17.49.28:461][848]LogTexture:Display: Building textures: ShadowMapTexture2D_2 (BGRA8)
[2015.05.28-17.49.28:485][848]LogTexture:Display: Building textures: ShadowMapTexture2D_3 (BGRA8)
[2015.05.28-17.49.28:645][848]Cmd: MAP LOAD FILE="../../../../../Unreal Projects/NagaQuest 4.7/Content/Maps/LevelTest.umap" TEMPLATE=0 SHOWPROGRESS=1 FEATURELEVEL=3
[2015.05.28-17.49.28:646][848]LightingResults: New page: Lighting Build
[2015.05.28-17.49.28:664][848]LoadErrors: New page: Loading map: LevelTest.umap
[2015.05.28-17.49.28:668][848]MapCheck: New page: Map Check
[2015.05.28-17.49.28:668][848]LightingResults: New page: Lighting Build
[2015.05.28-17.49.28:699][848]LogParticles: Destroying 0 GPU particle simulations for FXSystem 0x0000000010C8D760
[2015.05.28-17.49.28:742][848]LogEditorServer: Finished looking for orphan Actors (0.000 secs)
[2015.05.28-17.49.28:744][848]LogAIModule: Creating AISystem for world LevelTest
[2015.05.28-17.49.28:762][848]Cmd: MAP CHECKDEP
[2015.05.28-17.49.28:762][848]MapCheck: New page: LevelTest - May 28, 2015, 9:49:28 PM
[2015.05.28-17.49.28:835][848]MapCheck: Info Map check complete: 0 Error(s), 0 Warning(s), took 73.141ms to complete.
[2015.05.28-17.49.28:835][848]LogFileHelpers: Loading map 'LevelTest' took 0.191
[2015.05.28-17.49.35:647][157]Cmd: MAP LOAD FILE="../../../../../Unreal Projects/NagaQuest 4.7/Content/Maps/Example_Map.umap" TEMPLATE=0 SHOWPROGRESS=1 FEATURELEVEL=3
[2015.05.28-17.49.35:647][157]LightingResults: New page: Lighting Build
[2015.05.28-17.49.35:675][157]LoadErrors: New page: Loading map: Example_Map.umap
[2015.05.28-17.49.35:676][157]MapCheck: New page: Map Check
[2015.05.28-17.49.35:676][157]LightingResults: New page: Lighting Build
[2015.05.28-17.49.35:686][157]LogParticles: Destroying 0 GPU particle simulations for FXSystem 0x000000001BAAE3E0
[2015.05.28-17.49.35:692][157]LogEditorServer: Finished looking for orphan Actors (0.000 secs)
[2015.05.28-17.49.35:719][157]LogAIModule: Creating AISystem for world Example_Map
[2015.05.28-17.49.35:744][157]Cmd: MAP CHECKDEP
[2015.05.28-17.49.35:745][157]MapCheck: New page: Example_Map - May 28, 2015, 9:49:35 PM
[2015.05.28-17.49.35:818][157]MapCheck: Info Map check complete: 0 Error(s), 0 Warning(s), took 73.552ms to complete.
[2015.05.28-17.49.35:818][157]LogFileHelpers: Loading map 'Example_Map' took 0.173
[2015.05.28-17.49.37:177][204]LogMaterial: Missing cached shader map for material M_SavePoint, compiling. 
[2015.05.28-17.49.37:183][204]LogTexture:Display: Building textures: SavePoint1 (AutoDXT)
[2015.05.28-17.49.37:194][204]LogMaterial: Missing cached shader map for material P_SavePoint, compiling. 
[2015.05.28-17.49.37:204][204]LogMaterial: Missing cached shader map for material P_SavePoint2, compiling. 
[2015.05.28-17.49.37:213][204]LogMaterial: Missing cached shader map for material P_SavePoint3, compiling. 
[2015.05.28-17.49.37:219][204]LogStaticMesh: Building static mesh save_point_Plane001...
[2015.05.28-17.49.37:220][204]LogStaticMesh: Built static mesh [1.723241ms] /Game/Meshes/Props/save_point_Plane001.save_point_Plane001
[2015.05.28-17.49.37:221][204]LogStaticMesh: Building static mesh save_point_Plane002...
[2015.05.28-17.49.37:223][204]LogStaticMesh: Built static mesh [2.109434ms] /Game/Meshes/Props/save_point_Plane002.save_point_Plane002
[2015.05.28-17.49.37:223][204]LogStaticMesh: Building static mesh save_point_save_point...
[2015.05.28-17.49.37:229][204]LogStaticMesh: Built static mesh [5.931577ms] /Game/Meshes/Props/save_point_save_point.save_point_save_point
[2015.05.28-17.49.37:247][204]LogTexture:Display: Building textures: HQ_Lightmap0_1 (AutoDXT)
[2015.05.28-17.49.37:261][204]LogTexture:Display: Building textures: HQ_Lightmap0_2 (AutoDXT)
[2015.05.28-17.49.37:266][204]LogTexture:Display: Building textures: LQ_Lightmap_0_1 (DXT1)
[2015.05.28-17.49.37:277][204]LogTexture:Display: Building textures: LQ_Lightmap_0_2 (DXT1)
[2015.05.28-17.49.37:278][204]LogTexture:Display: Building textures: ShadowMapTexture2D_0 (BGRA8)
[2015.05.28-17.49.37:280][204]LogTexture:Display: Building textures: ShadowMapTexture2D_1 (BGRA8)
[2015.05.28-17.49.37:285][204]LogParticles:Warning: InitializeSystem called on an unregistered component. Template=/Game/Particles/test1.test1 Component=/Game/Maps/TestRoom.TestRoom:PersistentLevel.test1_5.ParticleSystemComponent0
[2015.05.28-17.49.37:307][204]Cmd: MAP LOAD FILE="../../../../../Unreal Projects/NagaQuest 4.7/Content/Maps/TestRoom.umap" TEMPLATE=0 SHOWPROGRESS=1 FEATURELEVEL=3
[2015.05.28-17.49.37:307][204]LightingResults: New page: Lighting Build
[2015.05.28-17.49.37:333][204]LoadErrors: New page: Loading map: TestRoom.umap
[2015.05.28-17.49.37:334][204]MapCheck: New page: Map Check
[2015.05.28-17.49.37:334][204]LightingResults: New page: Lighting Build
[2015.05.28-17.49.37:346][204]LogParticles: Destroying 0 GPU particle simulations for FXSystem 0x000000000E6732E0
[2015.05.28-17.49.37:360][204]LogEditorServer: Finished looking for orphan Actors (0.000 secs)
[2015.05.28-17.49.37:362][204]LogAIModule: Creating AISystem for world TestRoom
[2015.05.28-17.49.37:388][204]Cmd: MAP CHECKDEP
[2015.05.28-17.49.37:389][204]MapCheck: New page: TestRoom - May 28, 2015, 9:49:37 PM
[2015.05.28-17.49.37:462][204]MapCheck: Info Map check complete: 0 Error(s), 0 Warning(s), took 73.804ms to complete.
[2015.05.28-17.49.37:462][204]LogFileHelpers: Loading map 'TestRoom' took 0.158
[2015.05.28-18.23.17:487][978]Cmd: QUIT_EDITOR
[2015.05.28-18.23.17:718][978]LogExit: Preparing to exit.
[2015.05.28-18.23.18:499][978]LogExit: Editor shut down
[2015.05.28-18.23.18:499][978]LogExit: Transaction tracking system shut down
[2015.05.28-18.23.18:500][978]LogParticles: Destroying 0 GPU particle simulations for FXSystem 0x000000000D5A2340
[2015.05.28-18.23.18:500][978]LogParticles: Destroying 0 GPU particle simulations for FXSystem 0x000000002173E340
[2015.05.28-18.23.18:758][978]LogExit: Object subsystem successfully closed.
[2015.05.28-18.23.18:873][978]LogModuleManager: Shutting down and abandoning module SynthBenchmark (179)
[2015.05.28-18.23.18:873][978]LogModuleManager: Shutting down and abandoning module CrashTracker (178)
[2015.05.28-18.23.18:873][978]LogModuleManager: Shutting down and abandoning module SuperSearch (177)
[2015.05.28-18.23.18:873][978]LogModuleManager: Shutting down and abandoning module SceneOutliner (176)
[2015.05.28-18.23.18:873][978]LogModuleManager: Shutting down and abandoning module EditorWidgets (175)
[2015.05.28-18.23.18:873][978]LogModuleManager: Shutting down and abandoning module CollectionManager (174)
[2015.05.28-18.23.18:873][978]LogModuleManager: Shutting down and abandoning module StatsViewer (173)
[2015.05.28-18.23.18:893][978]LogModuleManager: Shutting down and abandoning module FoliageEdit (172)
[2015.05.28-18.23.18:893][978]LogModuleManager: Shutting down and abandoning module LandscapeEditor (171)
[2015.05.28-18.23.18:908][978]LogModuleManager: Shutting down and abandoning module MeshPaint (170)
[2015.05.28-18.23.18:908][978]LogModuleManager: Shutting down and abandoning module ActorPickerMode (169)
[2015.05.28-18.23.18:908][978]LogModuleManager: Shutting down and abandoning module GeometryMode (168)
[2015.05.28-18.23.18:908][978]LogModuleManager: Shutting down and abandoning module TextureAlignMode (167)
[2015.05.28-18.23.18:908][978]LogModuleManager: Shutting down and abandoning module BspMode (166)
[2015.05.28-18.23.18:908][978]LogModuleManager: Shutting down and abandoning module PlacementMode (165)
[2015.05.28-18.23.18:908][978]LogModuleManager: Shutting down and abandoning module AutomationWorker (164)
[2015.05.28-18.23.18:908][978]LogModuleManager: Shutting down and abandoning module CharacterAI (163)
[2015.05.28-18.23.18:908][978]LogModuleManager: Shutting down and abandoning module SmartSnapping (162)
[2015.05.28-18.23.18:908][978]LogModuleManager: Shutting down and abandoning module ViewportSnapping (161)
[2015.05.28-18.23.18:908][978]LogModuleManager: Shutting down and abandoning module LogVisualizer (160)
[2015.05.28-18.23.18:908][978]LogModuleManager: Shutting down and abandoning module GameProjectGeneration (159)
[2015.05.28-18.23.18:908][978]LogModuleManager: Shutting down and abandoning module IntroTutorials (158)
[2015.05.28-18.23.18:908][978]LogModuleManager: Shutting down and abandoning module EditorLiveStreaming (157)
[2015.05.28-18.23.18:908][978]LogModuleManager: Shutting down and abandoning module HardwareTargeting (156)
[2015.05.28-18.23.18:908][978]LogModuleManager: Shutting down and abandoning module DeviceProfileEditor (155)
[2015.05.28-18.23.18:908][978]LogModuleManager: Shutting down and abandoning module UndoHistory (154)
[2015.05.28-18.23.18:908][978]LogModuleManager: Shutting down and abandoning module GameplayTagsEditor (153)
[2015.05.28-18.23.18:908][978]LogModuleManager: Shutting down and abandoning module UserFeedback (152)
[2015.05.28-18.23.18:908][978]LogModuleManager: Shutting down and abandoning module XmlParser (151)
[2015.05.28-18.23.18:909][978]LogModuleManager: Shutting down and abandoning module Blutility (150)
[2015.05.28-18.23.18:909][978]LogModuleManager: Shutting down and abandoning module IOSPlatformEditor (149)
[2015.05.28-18.23.18:909][978]LogModuleManager: Shutting down and abandoning module IOSRuntimeSettings (148)
[2015.05.28-18.23.18:909][978]LogModuleManager: Shutting down and abandoning module AndroidDeviceDetection (147)
[2015.05.28-18.23.19:389][978]LogModuleManager: Shutting down and abandoning module AndroidPlatformEditor (146)
[2015.05.28-18.23.19:389][978]LogModuleManager: Shutting down and abandoning module AndroidRuntimeSettings (145)
[2015.05.28-18.23.19:389][978]LogModuleManager: Shutting down and abandoning module ProjectTargetPlatformEditor (144)
[2015.05.28-18.23.19:389][978]LogModuleManager: Shutting down and abandoning module ProjectSettingsViewer (143)
[2015.05.28-18.23.19:389][978]LogModuleManager: Shutting down and abandoning module InputBindingEditor (142)
[2015.05.28-18.23.19:397][978]LogModuleManager: Shutting down and abandoning module EditorSettingsViewer (141)
[2015.05.28-18.23.19:397][978]LogModuleManager: Shutting down and abandoning module SettingsEditor (140)
[2015.05.28-18.23.19:397][978]LogModuleManager: Shutting down and abandoning module ProjectLauncher (139)
[2015.05.28-18.23.19:397][978]LogModuleManager: Shutting down and abandoning module SessionFrontend (138)
[2015.05.28-18.23.19:397][978]LogModuleManager: Shutting down and abandoning module ProfilerClient (137)
[2015.05.28-18.23.19:397][978]LogModuleManager: Shutting down and abandoning module TargetDeviceServices (136)
[2015.05.28-18.23.19:397][978]LogModuleManager: Shutting down and abandoning module DeviceManager (135)
[2015.05.28-18.23.19:397][978]LogModuleManager: Shutting down and abandoning module AutomationController (134)
[2015.05.28-18.23.19:398][978]LogModuleManager: Shutting down and abandoning module AutomationWindow (133)
[2015.05.28-18.23.19:408][978]LogModuleManager: Shutting down and abandoning module Layers (132)
[2015.05.28-18.23.19:423][978]LogModuleManager: Shutting down and abandoning module ComponentVisualizers (131)
[2015.05.28-18.23.19:423][978]LogModuleManager: Shutting down and abandoning module DetailCustomizations (130)
[2015.05.28-18.23.19:438][978]LogModuleManager: Shutting down and abandoning module PackagesDialog (129)
[2015.05.28-18.23.19:438][978]LogModuleManager: Shutting down and abandoning module AssetRegistry (128)
[2015.05.28-18.23.19:488][978]LogModuleManager: Shutting down and abandoning module Persona (127)
[2015.05.28-18.23.19:493][978]LogModuleManager: Shutting down and abandoning module SlateReflector (126)
[2015.05.28-18.23.19:505][978]LogModuleManager: Shutting down and abandoning module LevelEditor (125)
[2015.05.28-18.23.19:506][978]LogModuleManager: Shutting down and abandoning module Kismet (124)
[2015.05.28-18.23.19:506][978]LogModuleManager: Shutting down and abandoning module GraphEditor (123)
[2015.05.28-18.23.19:538][978]LogModuleManager: Shutting down and abandoning module ClassViewer (122)
[2015.05.28-18.23.19:538][978]LogModuleManager: Shutting down and abandoning module Toolbox (121)
[2015.05.28-18.23.19:538][978]LogModuleManager: Shutting down and abandoning module ModuleUI (120)
[2015.05.28-18.23.19:538][978]LogModuleManager: Shutting down and abandoning module MovieSceneTools (119)
[2015.05.28-18.23.19:538][978]LogModuleManager: Shutting down and abandoning module OutputLog (118)
[2015.05.28-18.23.19:538][978]LogModuleManager: Shutting down and abandoning module GammaUI (117)
[2015.05.28-18.23.19:538][978]LogModuleManager: Shutting down and abandoning module Documentation (116)
[2015.05.28-18.23.19:538][978]LogModuleManager: Shutting down and abandoning module GameLiveStreaming (115)
[2015.05.28-18.23.19:539][978]LogModuleManager: Shutting down and abandoning module StreamingPauseRendering (114)
[2015.05.28-18.23.19:539][978]LogModuleManager: Shutting down and abandoning module HTTP (113)
[2015.05.28-18.23.19:539][978]LogModuleManager: Shutting down and abandoning module AnalyticsET (112)
[2015.05.28-18.23.19:539][978]LogModuleManager: Shutting down and abandoning module Analytics (111)
[2015.05.28-18.23.19:539][978]LogModuleManager: Shutting down and abandoning module AITestSuite (110)
[2015.05.28-18.23.19:539][978]LogModuleManager: Shutting down and abandoning module GameplayDebugger (109)
[2015.05.28-18.23.19:539][978]LogModuleManager: Shutting down and abandoning module AIModule (108)
[2015.05.28-18.23.19:539][978]LogModuleManager: Shutting down and abandoning module ProfilerService (107)
[2015.05.28-18.23.19:568][978]LogModuleManager: Shutting down and abandoning module TaskGraph (106)
[2015.05.28-18.23.19:592][978]LogModuleManager: Shutting down and abandoning module SlateRemote (105)
[2015.05.28-18.23.19:592][978]LogModuleManager: Shutting down and abandoning module ScriptEditorPlugin (104)
[2015.05.28-18.23.19:592][978]LogModuleManager: Shutting down and abandoning module CustomMeshComponent (103)
[2015.05.28-18.23.19:592][978]LogModuleManager: Shutting down and abandoning module CableComponent (102)
[2015.05.28-18.23.19:592][978]LogModuleManager: Shutting down and abandoning module MessagingDebugger (101)
[2015.05.28-18.23.19:610][978]LogModuleManager: Shutting down and abandoning module MediaPlayerEditor (100)
[2015.05.28-18.23.19:624][978]LogModuleManager: Shutting down and abandoning module BlueprintStats (99)
[2015.05.28-18.23.19:624][978]LogModuleManager: Shutting down and abandoning module SpeedTreeImporter (98)
[2015.05.28-18.23.19:624][978]LogModuleManager: Shutting down and abandoning module PluginsEditor (97)
[2015.05.28-18.23.19:624][978]LogModuleManager: Shutting down and abandoning module MainFrame (96)
[2015.05.28-18.23.19:624][978]LogModuleManager: Shutting down and abandoning module EpicSurvey (95)
[2015.05.28-18.23.19:624][978]LogModuleManager: Shutting down and abandoning module DesktopPlatform (94)
[2015.05.28-18.23.19:624][978]LogModuleManager: Shutting down and abandoning module DirectoryWatcher (93)
[2015.05.28-18.23.19:624][978]LogModuleManager: Shutting down and abandoning module HotReload (92)
[2015.05.28-18.23.19:624][978]LogModuleManager: Shutting down and abandoning module VisualStudioSourceCodeAccess (91)
[2015.05.28-18.23.19:624][978]LogModuleManager: Shutting down and abandoning module UObjectPlugin (90)
[2015.05.28-18.23.19:624][978]LogModuleManager: Shutting down and abandoning module SubversionSourceControl (89)
[2015.05.28-18.23.19:634][978]LogModuleManager: Shutting down and abandoning module PerforceSourceControl (88)
[2015.05.28-18.23.19:655][978]LogModuleManager: Shutting down and abandoning module SourceControl (87)
[2015.05.28-18.23.19:655][978]LogModuleManager: Shutting down and abandoning module GitSourceControl (86)
[2015.05.28-18.23.19:655][978]LogModuleManager: Shutting down and abandoning module BlankPlugin (85)
[2015.05.28-18.23.19:655][978]LogModuleManager: Shutting down and abandoning module PaperTiledImporter (84)
[2015.05.28-18.23.19:655][978]LogModuleManager: Shutting down and abandoning module PaperJsonImporter (83)
[2015.05.28-18.23.19:655][978]LogModuleManager: Shutting down and abandoning module ContentBrowser (82)
[2015.05.28-18.23.19:655][978]LogModuleManager: Shutting down and abandoning module Paper2DEditor (81)
[2015.05.28-18.23.19:655][978]LogModuleManager: Shutting down and abandoning module ScriptPlugin (80)
[2015.05.28-18.23.19:666][978]LogModuleManager: Shutting down and abandoning module UdpMessaging (79)
[2015.05.28-18.23.19:766][978]LogModuleManager: Shutting down and abandoning module Paper2D (78)
[2015.05.28-18.23.19:766][978]LogModuleManager: Shutting down and abandoning module WindowsMoviePlayer (77)
[2015.05.28-18.23.19:768][978]LogModuleManager: Shutting down and abandoning module Media (76)
[2015.05.28-18.23.19:768][978]LogModuleManager: Shutting down and abandoning module WmfMedia (75)
[2015.05.28-18.23.19:768][978]LogModuleManager: Shutting down and abandoning module OnlineBlueprintSupport (74)
[2015.05.28-18.23.19:768][978]LogModuleManager: Shutting down and abandoning module PropertyEditor (73)
[2015.05.28-18.23.19:769][978]LogModuleManager: Shutting down and abandoning module BehaviorTreeEditor (72)
[2015.05.28-18.23.19:785][978]LogModuleManager: Shutting down and abandoning module FunctionalTesting (71)
[2015.05.28-18.23.19:785][978]LogModuleManager: Shutting down and abandoning module CollisionAnalyzer (70)
[2015.05.28-18.23.19:814][978]LogModuleManager: Shutting down and abandoning module WorkspaceMenuStructure (69)
[2015.05.28-18.23.19:814][978]LogModuleManager: Shutting down and abandoning module MessageLog (68)
[2015.05.28-18.23.19:814][978]LogModuleManager: Shutting down and abandoning module Sequencer (67)
[2015.05.28-18.23.19:820][978]LogModuleManager: Shutting down and abandoning module AssetTools (66)
[2015.05.28-18.23.19:862][978]LogModuleManager: Shutting down and abandoning module UMGEditor (65)
[2015.05.28-18.23.19:870][978]LogModuleManager: Shutting down and abandoning module UMG (64)
[2015.05.28-18.23.19:870][978]LogModuleManager: Shutting down and abandoning module Slate (63)
[2015.05.28-18.23.19:870][978]LogModuleManager: Shutting down and abandoning module EditorStyle (62)
[2015.05.28-18.23.19:874][978]LogModuleManager: Shutting down and abandoning module SessionServices (61)
[2015.05.28-18.23.19:874][978]LogModuleManager: Shutting down and abandoning module SourceCodeAccess (60)
[2015.05.28-18.23.19:874][978]LogModuleManager: Shutting down and abandoning module HeadMountedDisplay (59)
[2015.05.28-18.23.19:874][978]LogModuleManager: Shutting down and abandoning module XAudio2 (58)
[2015.05.28-18.23.19:874][978]LogModuleManager: Shutting down and abandoning module Networking (56)
[2015.05.28-18.23.19:874][978]LogModuleManager: Shutting down and abandoning module Core (55)
[2015.05.28-18.23.19:874][978]LogModuleManager: Shutting down and abandoning module KismetCompiler (54)
[2015.05.28-18.23.19:874][978]LogModuleManager: Shutting down and abandoning module PhysXFormats (53)
[2015.05.28-18.23.19:874][978]LogModuleManager: Shutting down and abandoning module MeshUtilities (52)
[2015.05.28-18.23.19:882][978]LogModuleManager: Shutting down and abandoning module DerivedDataCache (51)
[2015.05.28-18.23.19:945][978]LogDerivedDataCache: Shutdown
[2015.05.28-18.23.19:945][978]LogModuleManager: Shutting down and abandoning module ShaderFormatOpenGL (50)
[2015.05.28-18.23.19:945][978]LogModuleManager: Shutting down and abandoning module ShaderFormatD3D (49)
[2015.05.28-18.23.19:945][978]LogModuleManager: Shutting down and abandoning module MetalShaderFormat (48)
[2015.05.28-18.23.19:945][978]LogModuleManager: Shutting down and abandoning module TextureFormatUncompressed (47)
[2015.05.28-18.23.19:945][978]LogModuleManager: Shutting down and abandoning module TextureFormatPVR (46)
[2015.05.28-18.23.19:945][978]LogModuleManager: Shutting down and abandoning module TextureFormatIntelISPCTexComp (45)
[2015.05.28-18.23.19:945][978]LogModuleManager: Shutting down and abandoning module TextureFormatDXT (44)
[2015.05.28-18.23.19:945][978]LogModuleManager: Shutting down and abandoning module ImageWrapper (43)
[2015.05.28-18.23.19:945][978]LogModuleManager: Shutting down and abandoning module TextureFormatASTC (42)
[2015.05.28-18.23.19:945][978]LogModuleManager: Shutting down and abandoning module TextureFormatAndroid (41)
[2015.05.28-18.23.19:945][978]LogModuleManager: Shutting down and abandoning module AudioFormatOpus (40)
[2015.05.28-18.23.19:945][978]LogModuleManager: Shutting down and abandoning module AudioFormatOgg (39)
[2015.05.28-18.23.19:945][978]LogModuleManager: Shutting down and abandoning module AudioFormatADPCM (38)
[2015.05.28-18.23.19:945][978]LogModuleManager: Shutting down and abandoning module LinuxTargetPlatform (37)
[2015.05.28-18.23.19:945][978]LogModuleManager: Shutting down and abandoning module LinuxServerTargetPlatform (36)
[2015.05.28-18.23.19:945][978]LogModuleManager: Shutting down and abandoning module LinuxNoEditorTargetPlatform (35)
[2015.05.28-18.23.19:945][978]LogModuleManager: Shutting down and abandoning module Messaging (34)
[2015.05.28-18.23.19:945][978]LogModuleManager: Shutting down and abandoning module IOSTargetPlatform (33)
[2015.05.28-18.23.19:945][978]LogModuleManager: Shutting down and abandoning module HTML5TargetPlatform (32)
[2015.05.28-18.23.19:945][978]LogModuleManager: Shutting down and abandoning module Android_PVRTCTargetPlatform (31)
[2015.05.28-18.23.19:945][978]LogModuleManager: Shutting down and abandoning module Android_ETC2TargetPlatform (30)
[2015.05.28-18.23.19:945][978]LogModuleManager: Shutting down and abandoning module Android_ETC1TargetPlatform (29)
[2015.05.28-18.23.19:945][978]LogModuleManager: Shutting down and abandoning module Android_ES31TargetPlatform (28)
[2015.05.28-18.23.19:945][978]LogModuleManager: Shutting down and abandoning module Android_DXTTargetPlatform (27)
[2015.05.28-18.23.19:945][978]LogModuleManager: Shutting down and abandoning module Android_ATCTargetPlatform (26)
[2015.05.28-18.23.19:945][978]LogModuleManager: Shutting down and abandoning module AndroidTargetPlatform (25)
[2015.05.28-18.23.19:945][978]LogModuleManager: Shutting down and abandoning module WindowsTargetPlatform (24)
[2015.05.28-18.23.19:945][978]LogModuleManager: Shutting down and abandoning module WindowsServerTargetPlatform (23)
[2015.05.28-18.23.19:945][978]LogModuleManager: Shutting down and abandoning module WindowsNoEditorTargetPlatform (22)
[2015.05.28-18.23.19:945][978]LogModuleManager: Shutting down and abandoning module WindowsClientTargetPlatform (21)
[2015.05.28-18.23.19:945][978]LogModuleManager: Shutting down and abandoning module TargetPlatform (20)
[2015.05.28-18.23.19:945][978]LogModuleManager: Shutting down and abandoning module InputCore (19)
[2015.05.28-18.23.19:945][978]LogModuleManager: Shutting down and abandoning module Settings (18)
[2015.05.28-18.23.19:945][978]LogModuleManager: Shutting down and abandoning module OnlineSubsystem (16)
[2015.05.28-18.23.19:945][978]LogModuleManager: Shutting down and abandoning module OculusRift (15)
[2015.05.28-18.23.19:945][978]LogModuleManager: Shutting down and abandoning module ExampleDeviceProfileSelector (14)
[2015.05.28-18.23.19:945][978]LogModuleManager: Shutting down and abandoning module TextureCompressor (13)
[2015.05.28-18.23.19:945][978]LogModuleManager: Shutting down and abandoning module ShaderCore (12)
[2015.05.28-18.23.19:945][978]LogModuleManager: Shutting down and abandoning module Landscape (11)
[2015.05.28-18.23.19:945][978]LogModuleManager: Shutting down and abandoning module SlateRHIRenderer (10)
[2015.05.28-18.23.19:946][978]LogModuleManager: Shutting down and abandoning module OpenGLDrv (9)
[2015.05.28-18.23.19:946][978]LogModuleManager: Shutting down and abandoning module D3D11RHI (8)
[2015.05.28-18.23.19:946][978]LogModuleManager: Shutting down and abandoning module Renderer (7)
[2015.05.28-18.23.19:946][978]LogModuleManager: Shutting down and abandoning module Engine (6)
[2015.05.28-18.23.19:946][978]LogModuleManager: Shutting down and abandoning module CoreUObject (5)
[2015.05.28-18.23.19:946][978]LogModuleManager: Shutting down and abandoning module NetworkFile (4)
[2015.05.28-18.23.19:946][978]LogModuleManager: Shutting down and abandoning module StreamingFile (3)
[2015.05.28-18.23.19:946][978]LogModuleManager: Shutting down and abandoning module SandboxFile (2)
[2015.05.28-18.23.19:946][978]LogModuleManager: Shutting down and abandoning module PakFile (1)
[2015.05.28-18.23.19:947][978]LogExit: Exiting.
[2015.05.28-18.23.19:959][978]Log file closed, 05/28/15 20:23:19
