Log file open, 02/28/15 18:16:58
LogInit:Display: Running engine for game: NagaQuest
LogInit: Version: 4.7.1-2462028+++depot+UE4-Releases+4.7
LogInit: API Version: 2455222
LogInit: Compiled (64-bit): Feb 26 2015 07:49:00
LogInit: Compiled with Visual C++: 18.00.21005.01
LogInit: Build Configuration: Development
LogInit: Branch Name: ++depot+UE4-Releases+4.7
LogInit: Command line:  
LogInit: Base directory: G:/UE4/Epic Games/4.7/Engine/Binaries/Win64/
LogInit: Rocket: 1
[2015.02.28-17.16.58:103][  0]LogTaskGraph: Started task graph with 3 named threads and 6 total threads.
[2015.02.28-17.16.58:152][  0]LogOnline:Warning: No default platform service specified for OnlineSubsystem
[2015.02.28-17.16.58:163][  0]LogInit: Presizing for 0 objects not considered by GC, pre-allocating 0 bytes.
[2015.02.28-17.16.58:171][  0]LogInit: Object subsystem initialized
[2015.02.28-17.16.58:173][  0]LogConsoleResponse:Warning: Skipping Unknown console variable: 'UIScaleRule = ShortestSide'
[2015.02.28-17.16.58:173][  0]LogConsoleResponse:Warning:   Found in ini file 'G:/UE4/Unreal Projects/NagaQuest 4.7/Saved/Config/Windows/Engine.ini', in section '[/Script/Engine.RendererSettings]'
[2015.02.28-17.16.58:173][  0]LogConsoleResponse:Warning: Skipping Unknown console variable: 'UIScaleCurve = (EditorCurveData=(Keys=),ExternalCurve=None)'
[2015.02.28-17.16.58:173][  0]LogConsoleResponse:Warning:   Found in ini file 'G:/UE4/Unreal Projects/NagaQuest 4.7/Saved/Config/Windows/Engine.ini', in section '[/Script/Engine.RendererSettings]'
[2015.02.28-17.16.58:173][  0]LogConsoleManager:Warning: Console variable 'r.MSAA.CompositingSampleCount' wasn't set (Priority ProjectSetting < Scalability)
[2015.02.28-17.16.58:173][  0]LogInit: Selected Device Profile: [Windows]
[2015.02.28-17.16.58:173][  0]LogInit: Applying CVar settings loaded from the selected device profile: [Windows]
[2015.02.28-17.16.58:178][  0]LogInit: Computer: ALLAZE-PRO-PC
[2015.02.28-17.16.58:178][  0]LogInit: User: allazepro
[2015.02.28-17.16.58:178][  0]LogInit: CPU Page size=4096, Cores=4
[2015.02.28-17.16.58:178][  0]LogInit: High frequency timer resolution =3.418007 MHz
[2015.02.28-17.16.58:179][  0]LogMemory: Memory total: Physical=15.9GB (16GB approx) Virtual=8192.0GB
[2015.02.28-17.16.58:179][  0]LogMemory: Platform Memory Stats for Windows
[2015.02.28-17.16.58:179][  0]LogMemory: Process Physical Memory: 47.96 MB used, 47.96 MB peak
[2015.02.28-17.16.58:179][  0]LogMemory: Process Virtual Memory: 29.17 MB used, 29.17 MB peak
[2015.02.28-17.16.58:179][  0]LogMemory: Physical Memory: 6804.33 MB used, 16324.77 MB total
[2015.02.28-17.16.58:179][  0]LogMemory: Virtual Memory: 286.27 MB used, 8388608.00 MB total
[2015.02.28-17.16.58:213][  0]LogD3D11RHI: Found D3D11 adapter 0: NVIDIA GeForce GTX 770 (Feature Level 11_0)
[2015.02.28-17.16.58:213][  0]LogD3D11RHI: Adapter has 4027MB of dedicated video memory, 0MB of dedicated system memory, and 7906MB of shared system memory, 2 output[s]
[2015.02.28-17.16.58:213][  0]LogD3D11RHI: Chosen D3D11 Adapter Id = 0
[2015.02.28-17.16.58:218][  0]LogRHI: Texture pool is 1361 MB (70% of 1945 MB)
[2015.02.28-17.16.58:231][  0]LogD3D11RHI: Async texture creation enabled
[2015.02.28-17.16.58:282][  0]LogTextLocalizationManager: The requested culture ('fr_FR') has no localization data; falling back to 'en' for localization and internationalization data.
[2015.02.28-17.16.58:428][  0]LogContentStreaming: Texture pool size is 0.000000MB
[2015.02.28-17.17.00:348][  0]LogTargetPlatformManager:Display: Building Assets For Windows
[2015.02.28-17.17.00:775][  0]LogTargetPlatformManager:Display: Building Assets For Windows
[2015.02.28-17.17.00:821][  0]LogDerivedDataCache:Display: Max Cache Size: 512 MB
[2015.02.28-17.17.00:857][  0]LogDerivedDataCache: Loaded boot cache 0.04s 39MB C:/Users/allaze-pro/AppData/Local/UnrealEngine/4.7/DerivedDataCache/Boot.ddc.
[2015.02.28-17.17.00:857][  0]LogDerivedDataCache:Display: Loaded Boot cache: C:/Users/allaze-pro/AppData/Local/UnrealEngine/4.7/DerivedDataCache/Boot.ddc
[2015.02.28-17.17.00:857][  0]LogDerivedDataCache: FDerivedDataBackendGraph:  Pak pak cache file ../../../../../Unreal Projects/NagaQuest 4.7/DerivedDataCache/DDC.ddp not found, will not use a pak cache.
[2015.02.28-17.17.00:857][  0]LogDerivedDataCache: Unable to find inner node Pak for hierarchical cache Hierarchy.
[2015.02.28-17.17.00:967][  0]LogDerivedDataCache:Display: Pak cache opened for reading ../../../Engine/DerivedDataCache/Compressed.ddp.
[2015.02.28-17.17.00:979][  0]LogDerivedDataCache: Using Local data cache path C:/Users/allaze-pro/AppData/Local/UnrealEngine/Common/DerivedDataCache: Writable
[2015.02.28-17.17.01:236][  0]LogMeshUtilities: No automatic mesh reduction module available
[2015.02.28-17.17.01:236][  0]LogMeshUtilities: No automatic mesh merging module available
[2015.02.28-17.17.01:510][  0]LogInit: WinSock: version 1.1 (2.2), MaxSocks=32767, MaxUdp=65467
[2015.02.28-17.17.01:567][  0]LogSlate:Warning: Failed to load font data from '../../../Engine/Content/Slate/Fonts/Roboto-Italic.ttf'
[2015.02.28-17.17.02:177][  0]UdpMessaging: Initializing bridge on interface 0.0.0.0:0 to multicast group 230.0.0.1:6666.
[2015.02.28-17.17.02:339][  0]SourceControl: Info Source control is disabled
[2015.02.28-17.17.02:339][  0]SourceControl: Info Source control is disabled
[2015.02.28-17.17.02:339][  0]SourceControl: Info Source control is disabled
[2015.02.28-17.17.02:345][  0]SourceControl: Info Source control is disabled
[2015.02.28-17.17.02:489][  0]LogObj: 24231 objects as part of root set at end of initial load.
[2015.02.28-17.17.02:489][  0]LogUObjectAllocator: 5136440 out of 0 bytes used by permanent object pool.
[2015.02.28-17.17.02:556][  0]LogEngine: Initializing Engine...
[2015.02.28-17.17.04:682][  0]LogInit: XAudio2 using 'Haut-parleurs (Realtek High Definition Audio)' : 2 channels at 48 kHz using 32 bits per sample (channel mask 0x3)
[2015.02.28-17.17.04:692][  0]LogInit: FAudioDevice initialized.
[2015.02.28-17.17.04:718][  0]LogAIModule: Creating AISystem for world NewWorld
[2015.02.28-17.17.04:739][  0]LogDerivedDataCache: Saved boot cache 0.02s 39MB C:/Users/allaze-pro/AppData/Local/UnrealEngine/4.7/DerivedDataCache/Boot.ddc.
[2015.02.28-17.17.04:741][  0]LogInit: Texture streaming: Enabled
[2015.02.28-17.17.04:812][  0]LogAnalytics: Creating configured Analytics provider AnalyticsET
[2015.02.28-17.17.04:812][  0]LogAnalytics: ET APIKey = Rocket.Release. APIServer = http://et2.epicgames.com/ET2/. AppVersion = 4.7.1-2462028+++depot+UE4-Releases+4.7
[2015.02.28-17.17.04:812][  0]LogAnalytics: ET APIKey = Rocket.Release. DataRouterUploadURL = https://datarouter-public-service-gamedev.ol.epicgames.net/datarouter/api/v1/public/data. AppVersion = 4.7.1-2462028+++depot+UE4-Releases+4.7
[2015.02.28-17.17.04:812][  0]LogAnalytics: SetUserId a76b587643b4c4813f73aeba399cedd3|0cff796e62bc4c93b776744bbea7748c|0efb23af-f91b-4646-87d1-d0f8b95db058
[2015.02.28-17.17.04:812][  0]LogAnalytics: AnalyticsET::StartSession [Rocket.Release]
[2015.02.28-17.17.04:832][  0]LogInit: Transaction tracking system initialized
[2015.02.28-17.17.04:973][  0]BlueprintLog: New page: Editor Load
[2015.02.28-17.17.05:004][  0]LogAssetRegistry: FAssetRegistry took 0.0095 seconds to start up
[2015.02.28-17.17.05:004][  0]LogDirectoryWatcher:Warning: Failed to begin reading directory changes for ../../../Engine/Plugins/Experimental/CharacterAI/Content/. Error: 0
[2015.02.28-17.17.05:437][  0]LogTargetPlatformManager:Display: Building Assets For Windows
[2015.02.28-17.17.05:730][  0]LogTargetPlatformManager:Display: Building Assets For Windows
[2015.02.28-17.17.05:917][  0]LogSlate:Warning: Failed to load font data from '../../../Engine/Content/Editor/Slate/Fonts/Roboto-Regular.ttf'
[2015.02.28-17.17.05:918][  0]LogSlate:Warning: Failed to load font data from '../../../Engine/Content/Editor/Slate/Fonts/Roboto-Bold.ttf'
[2015.02.28-17.17.05:923][  0]LogConsoleResponse:Display: 
[2015.02.28-17.17.06:024][  0]LogCook:Display: Done creating registry. It took  0.00s.
[2015.02.28-17.17.06:127][  0]SourceControl: Info Source control is disabled
[2015.02.28-17.17.06:127][  0]Cmd: MAP LOAD FILE="../../../../../Unreal Projects/NagaQuest 4.7/Content/Maps/Example_Map.umap" TEMPLATE=0 SHOWPROGRESS=1 FEATURELEVEL=3
[2015.02.28-17.17.06:127][  0]LightingResults: New page: Lighting Build
[2015.02.28-17.17.06:136][  0]MapCheck: New page: Map Check
[2015.02.28-17.17.06:136][  0]LightingResults: New page: Lighting Build
[2015.02.28-17.17.06:142][  0]LogParticles: Destroying 0 GPU particle simulations for FXSystem 0x0000000011BDE520
[2015.02.28-17.17.06:650][  0]LogEditorServer: Finished looking for orphan Actors (0.000 secs)
[2015.02.28-17.17.06:678][  0]LogAIModule: Creating AISystem for world Example_Map
[2015.02.28-17.17.06:679][  0]Cmd: MAP CHECKDEP
[2015.02.28-17.17.06:679][  0]MapCheck: New page: Example_Map - Feb 28, 2015, 7:17:06 PM
[2015.02.28-17.17.06:729][  0]MapCheck: Info Map check complete: 0 Error(s), 0 Warning(s), took 49.709ms to complete.
[2015.02.28-17.17.06:729][  0]LogFileHelpers: Loading map 'Example_Map' took 0.602
[2015.02.28-17.17.06:861][  0]LogCollectionManager: Loaded 0 collections in 0.001295 seconds
[2015.02.28-17.17.06:869][  0]LogContentBrowser: Native class hierarchy populated in 0.0078 seconds. Added 1696 classes and 261 folders.
[2015.02.28-17.17.06:896][  0]LogContentBrowser: Native class hierarchy updated for 'SceneOutliner' in 0.0011 seconds. Added 1 classes and 2 folders.
[2015.02.28-17.17.06:933][  0]LogCrashTracker: Crashtracker disabled due to settings.
[2015.02.28-17.17.06:934][  0]LogSlate:Warning: Failed to load font data from 'Veranda'
[2015.02.28-17.17.06:938][  0]LogUObjectGlobals:Warning: Failed to find object 'Class None.'
[2015.02.28-17.17.06:969][  0]LogLoad: Full Startup: 10.51 seconds (BP compile: 0.07 seconds)
[2015.02.28-17.17.07:335][  0]LogContentBrowser:Verbose: The content browser source was changed by the sources view to '/Game/Maps'
[2015.02.28-17.17.07:496][  0]LogRenderer:Warning: Reallocating scene render targets to support 1208x584 (Frame:2).
[2015.02.28-17.17.08:641][  4]LogAssetRegistry: Asset discovery search completed in 3.6474 seconds
[2015.02.28-17.30.49:196][240]LogLinker:Warning: Asset '../../../Engine/Content/Tutorial/Mobile/CreatingSigningCertAndProvisionTutorial.uasset' has been saved with empty engine version. The asset will be loaded but may be incompatible.
[2015.02.28-17.30.49:210][240]LogLinker:Warning: Asset '../../../Engine/Content/Tutorial/Mobile/InstallingiTunesTutorial.uasset' has been saved with empty engine version. The asset will be loaded but may be incompatible.
[2015.02.28-17.30.49:213][240]LogLinker:Warning: Asset '../../../Engine/Content/Tutorial/Mobile/SettingUpAndroidTutorial.uasset' has been saved with empty engine version. The asset will be loaded but may be incompatible.
[2015.02.28-17.38.30:897][362]LogSourceControl: RunCommandInternalRaw: 'git version'
[2015.02.28-17.38.30:897][362]LogSourceControl: RunCommandInternalRaw: ExecProcess ReturnCode=2 OutResults=''
[2015.02.28-17.38.34:931][790]LogSourceControl: RunCommandInternalRaw: 'git version'
[2015.02.28-17.38.34:931][790]LogSourceControl: RunCommandInternalRaw: ExecProcess ReturnCode=2 OutResults=''
[2015.02.28-17.38.34:931][790]LogSourceControl: RunCommandInternalRaw: 'git version'
[2015.02.28-17.38.34:931][790]LogSourceControl: RunCommandInternalRaw: ExecProcess ReturnCode=2 OutResults=''
[2015.02.28-17.38.38:770][230]LogSourceControl: RunCommandInternalRaw: 'git version'
[2015.02.28-17.38.38:771][230]LogSourceControl: RunCommandInternalRaw: ExecProcess ReturnCode=87 OutResults=''
[2015.02.28-17.38.39:570][287]LogSourceControl: RunCommandInternalRaw: 'git version'
[2015.02.28-17.38.39:570][287]LogSourceControl: RunCommandInternalRaw: ExecProcess ReturnCode=87 OutResults=''
[2015.02.28-17.38.39:571][287]LogSourceControl: RunCommandInternalRaw: 'git version'
[2015.02.28-17.38.39:571][287]LogSourceControl: RunCommandInternalRaw: ExecProcess ReturnCode=87 OutResults=''
[2015.02.28-17.38.47:197][395]LogSourceControl: RunCommandInternalRaw: 'git version'
[2015.02.28-17.38.47:198][395]LogSourceControl: RunCommandInternalRaw: ExecProcess ReturnCode=87 OutResults=''
[2015.02.28-17.38.47:198][395]LogSourceControl: RunCommandInternalRaw: 'git version'
[2015.02.28-17.38.47:198][395]LogSourceControl: RunCommandInternalRaw: ExecProcess ReturnCode=87 OutResults=''
[2015.02.28-17.38.49:958][665]LogSourceControl: RunCommandInternalRaw: 'git version'
[2015.02.28-17.38.49:958][665]LogSourceControl: RunCommandInternalRaw: ExecProcess ReturnCode=2 OutResults=''
[2015.02.28-17.38.51:319][828]LogSourceControl: RunCommandInternalRaw: 'git version'
[2015.02.28-17.38.51:319][828]LogSourceControl: RunCommandInternalRaw: ExecProcess ReturnCode=2 OutResults=''
[2015.02.28-17.38.51:319][828]LogSourceControl: RunCommandInternalRaw: 'git version'
[2015.02.28-17.38.51:319][828]LogSourceControl: RunCommandInternalRaw: ExecProcess ReturnCode=2 OutResults=''
[2015.02.28-17.38.51:402][838]SourceControl:Error: Error Failed to connect to source control. Check your settings and connection then try again.
[2015.02.28-17.39.42:362][656]SourceControl: Info Source control is disabled
[2015.02.28-17.40.04:668][  2]LogRenderer:Warning: Reallocating scene render targets to support 1208x592 (Frame:9008).
[2015.02.28-17.41.02:257][579]LogSourceControl: RunCommandInternalRaw: 'git version'
[2015.02.28-17.41.02:257][579]LogSourceControl: RunCommandInternalRaw: ExecProcess ReturnCode=2 OutResults=''
[2015.02.28-17.41.04:242][700]SourceControl:Error: Error Failed to connect to source control. Check your settings and connection then try again.
[2015.02.28-17.41.07:191][851]SourceControl: Info Source control is disabled
[2015.02.28-17.41.09:002][948]LogFileHelpers: Editor autosave (incl. sublevels) for '/Game/Maps/Example_Map' took 0.012
[2015.02.28-17.51.09:549][700]LogFileHelpers: Editor autosave (incl. sublevels) for '/Game/Maps/Example_Map' took 0.012
[2015.02.28-17.52.45:821][165]Cmd: QUIT_EDITOR
[2015.02.28-17.52.46:026][165]LogExit: Preparing to exit.
[2015.02.28-17.52.46:331][165]LogExit: Editor shut down
[2015.02.28-17.52.46:331][165]LogExit: Transaction tracking system shut down
[2015.02.28-17.52.46:332][165]LogParticles: Destroying 0 GPU particle simulations for FXSystem 0x000000000F8DD8A0
[2015.02.28-17.52.46:332][165]LogParticles: Destroying 0 GPU particle simulations for FXSystem 0x0000000016B8F600
[2015.02.28-17.52.46:373][165]LogExit: Object subsystem successfully closed.
[2015.02.28-17.52.46:408][165]LogModuleManager: Shutting down and abandoning module CrashTracker (178)
[2015.02.28-17.52.46:409][165]LogModuleManager: Shutting down and abandoning module SuperSearch (177)
[2015.02.28-17.52.46:409][165]LogModuleManager: Shutting down and abandoning module SceneOutliner (176)
[2015.02.28-17.52.46:409][165]LogModuleManager: Shutting down and abandoning module EditorWidgets (175)
[2015.02.28-17.52.46:409][165]LogModuleManager: Shutting down and abandoning module CollectionManager (174)
[2015.02.28-17.52.46:409][165]LogModuleManager: Shutting down and abandoning module StatsViewer (173)
[2015.02.28-17.52.46:409][165]LogModuleManager: Shutting down and abandoning module FoliageEdit (172)
[2015.02.28-17.52.46:409][165]LogModuleManager: Shutting down and abandoning module LandscapeEditor (171)
[2015.02.28-17.52.46:409][165]LogModuleManager: Shutting down and abandoning module MeshPaint (170)
[2015.02.28-17.52.46:409][165]LogModuleManager: Shutting down and abandoning module ActorPickerMode (169)
[2015.02.28-17.52.46:409][165]LogModuleManager: Shutting down and abandoning module GeometryMode (168)
[2015.02.28-17.52.46:409][165]LogModuleManager: Shutting down and abandoning module TextureAlignMode (167)
[2015.02.28-17.52.46:409][165]LogModuleManager: Shutting down and abandoning module BspMode (166)
[2015.02.28-17.52.46:409][165]LogModuleManager: Shutting down and abandoning module PlacementMode (165)
[2015.02.28-17.52.46:409][165]LogModuleManager: Shutting down and abandoning module AutomationWorker (164)
[2015.02.28-17.52.46:409][165]LogModuleManager: Shutting down and abandoning module CharacterAI (163)
[2015.02.28-17.52.46:409][165]LogModuleManager: Shutting down and abandoning module SmartSnapping (162)
[2015.02.28-17.52.46:409][165]LogModuleManager: Shutting down and abandoning module ViewportSnapping (161)
[2015.02.28-17.52.46:409][165]LogModuleManager: Shutting down and abandoning module LogVisualizer (160)
[2015.02.28-17.52.46:409][165]LogModuleManager: Shutting down and abandoning module GameProjectGeneration (159)
[2015.02.28-17.52.46:409][165]LogModuleManager: Shutting down and abandoning module IntroTutorials (158)
[2015.02.28-17.52.46:409][165]LogModuleManager: Shutting down and abandoning module EditorLiveStreaming (157)
[2015.02.28-17.52.46:409][165]LogModuleManager: Shutting down and abandoning module HardwareTargeting (156)
[2015.02.28-17.52.46:409][165]LogModuleManager: Shutting down and abandoning module DeviceProfileEditor (155)
[2015.02.28-17.52.46:409][165]LogModuleManager: Shutting down and abandoning module UndoHistory (154)
[2015.02.28-17.52.46:409][165]LogModuleManager: Shutting down and abandoning module GameplayTagsEditor (153)
[2015.02.28-17.52.46:409][165]LogModuleManager: Shutting down and abandoning module UserFeedback (152)
[2015.02.28-17.52.46:409][165]LogModuleManager: Shutting down and abandoning module XmlParser (151)
[2015.02.28-17.52.46:409][165]LogModuleManager: Shutting down and abandoning module Blutility (150)
[2015.02.28-17.52.46:409][165]LogModuleManager: Shutting down and abandoning module IOSPlatformEditor (149)
[2015.02.28-17.52.46:409][165]LogModuleManager: Shutting down and abandoning module IOSRuntimeSettings (148)
[2015.02.28-17.52.46:409][165]LogModuleManager: Shutting down and abandoning module AndroidDeviceDetection (147)
[2015.02.28-17.52.46:914][165]LogModuleManager: Shutting down and abandoning module AndroidPlatformEditor (146)
[2015.02.28-17.52.46:914][165]LogModuleManager: Shutting down and abandoning module AndroidRuntimeSettings (145)
[2015.02.28-17.52.46:914][165]LogModuleManager: Shutting down and abandoning module ProjectTargetPlatformEditor (144)
[2015.02.28-17.52.46:914][165]LogModuleManager: Shutting down and abandoning module ProjectSettingsViewer (143)
[2015.02.28-17.52.46:914][165]LogModuleManager: Shutting down and abandoning module InputBindingEditor (142)
[2015.02.28-17.52.46:914][165]LogModuleManager: Shutting down and abandoning module EditorSettingsViewer (141)
[2015.02.28-17.52.46:914][165]LogModuleManager: Shutting down and abandoning module SettingsEditor (140)
[2015.02.28-17.52.46:914][165]LogModuleManager: Shutting down and abandoning module ProjectLauncher (139)
[2015.02.28-17.52.46:914][165]LogModuleManager: Shutting down and abandoning module SessionFrontend (138)
[2015.02.28-17.52.46:914][165]LogModuleManager: Shutting down and abandoning module ProfilerClient (137)
[2015.02.28-17.52.46:914][165]LogModuleManager: Shutting down and abandoning module TargetDeviceServices (136)
[2015.02.28-17.52.46:914][165]LogModuleManager: Shutting down and abandoning module DeviceManager (135)
[2015.02.28-17.52.46:914][165]LogModuleManager: Shutting down and abandoning module AutomationController (134)
[2015.02.28-17.52.46:914][165]LogModuleManager: Shutting down and abandoning module AutomationWindow (133)
[2015.02.28-17.52.46:914][165]LogModuleManager: Shutting down and abandoning module Layers (132)
[2015.02.28-17.52.46:914][165]LogModuleManager: Shutting down and abandoning module ComponentVisualizers (131)
[2015.02.28-17.52.46:914][165]LogModuleManager: Shutting down and abandoning module DetailCustomizations (130)
[2015.02.28-17.52.46:914][165]LogModuleManager: Shutting down and abandoning module PackagesDialog (129)
[2015.02.28-17.52.46:914][165]LogModuleManager: Shutting down and abandoning module AssetRegistry (128)
[2015.02.28-17.52.47:004][165]LogModuleManager: Shutting down and abandoning module Persona (127)
[2015.02.28-17.52.47:004][165]LogModuleManager: Shutting down and abandoning module SlateReflector (126)
[2015.02.28-17.52.47:004][165]LogModuleManager: Shutting down and abandoning module LevelEditor (125)
[2015.02.28-17.52.47:005][165]LogModuleManager: Shutting down and abandoning module Kismet (124)
[2015.02.28-17.52.47:005][165]LogModuleManager: Shutting down and abandoning module GraphEditor (123)
[2015.02.28-17.52.47:005][165]LogModuleManager: Shutting down and abandoning module ClassViewer (122)
[2015.02.28-17.52.47:005][165]LogModuleManager: Shutting down and abandoning module Toolbox (121)
[2015.02.28-17.52.47:005][165]LogModuleManager: Shutting down and abandoning module ModuleUI (120)
[2015.02.28-17.52.47:005][165]LogModuleManager: Shutting down and abandoning module MovieSceneTools (119)
[2015.02.28-17.52.47:005][165]LogModuleManager: Shutting down and abandoning module OutputLog (118)
[2015.02.28-17.52.47:005][165]LogModuleManager: Shutting down and abandoning module GammaUI (117)
[2015.02.28-17.52.47:005][165]LogModuleManager: Shutting down and abandoning module Documentation (116)
[2015.02.28-17.52.47:005][165]LogModuleManager: Shutting down and abandoning module GameLiveStreaming (115)
[2015.02.28-17.52.47:005][165]LogModuleManager: Shutting down and abandoning module StreamingPauseRendering (114)
[2015.02.28-17.52.47:005][165]LogModuleManager: Shutting down and abandoning module HTTP (113)
[2015.02.28-17.52.47:005][165]LogModuleManager: Shutting down and abandoning module AnalyticsET (112)
[2015.02.28-17.52.47:005][165]LogModuleManager: Shutting down and abandoning module Analytics (111)
[2015.02.28-17.52.47:005][165]LogModuleManager: Shutting down and abandoning module AITestSuite (110)
[2015.02.28-17.52.47:005][165]LogModuleManager: Shutting down and abandoning module GameplayDebugger (109)
[2015.02.28-17.52.47:005][165]LogModuleManager: Shutting down and abandoning module AIModule (108)
[2015.02.28-17.52.47:005][165]LogModuleManager: Shutting down and abandoning module ProfilerService (107)
[2015.02.28-17.52.47:107][165]LogModuleManager: Shutting down and abandoning module TaskGraph (106)
[2015.02.28-17.52.47:107][165]LogModuleManager: Shutting down and abandoning module SlateRemote (105)
[2015.02.28-17.52.47:107][165]LogModuleManager: Shutting down and abandoning module ScriptEditorPlugin (104)
[2015.02.28-17.52.47:107][165]LogModuleManager: Shutting down and abandoning module CustomMeshComponent (103)
[2015.02.28-17.52.47:107][165]LogModuleManager: Shutting down and abandoning module CableComponent (102)
[2015.02.28-17.52.47:107][165]LogModuleManager: Shutting down and abandoning module MessagingDebugger (101)
[2015.02.28-17.52.47:107][165]LogModuleManager: Shutting down and abandoning module MediaPlayerEditor (100)
[2015.02.28-17.52.47:107][165]LogModuleManager: Shutting down and abandoning module BlueprintStats (99)
[2015.02.28-17.52.47:107][165]LogModuleManager: Shutting down and abandoning module SpeedTreeImporter (98)
[2015.02.28-17.52.47:107][165]LogModuleManager: Shutting down and abandoning module PluginsEditor (97)
[2015.02.28-17.52.47:107][165]LogModuleManager: Shutting down and abandoning module MainFrame (96)
[2015.02.28-17.52.47:107][165]LogModuleManager: Shutting down and abandoning module EpicSurvey (95)
[2015.02.28-17.52.47:107][165]LogModuleManager: Shutting down and abandoning module DesktopPlatform (94)
[2015.02.28-17.52.47:107][165]LogModuleManager: Shutting down and abandoning module DirectoryWatcher (93)
[2015.02.28-17.52.47:107][165]LogModuleManager: Shutting down and abandoning module HotReload (92)
[2015.02.28-17.52.47:107][165]LogModuleManager: Shutting down and abandoning module VisualStudioSourceCodeAccess (91)
[2015.02.28-17.52.47:107][165]LogModuleManager: Shutting down and abandoning module UObjectPlugin (90)
[2015.02.28-17.52.47:107][165]LogModuleManager: Shutting down and abandoning module SubversionSourceControl (89)
[2015.02.28-17.52.47:107][165]LogModuleManager: Shutting down and abandoning module PerforceSourceControl (88)
[2015.02.28-17.52.47:107][165]LogModuleManager: Shutting down and abandoning module SourceControl (87)
[2015.02.28-17.52.47:107][165]LogModuleManager: Shutting down and abandoning module GitSourceControl (86)
[2015.02.28-17.52.47:107][165]LogModuleManager: Shutting down and abandoning module BlankPlugin (85)
[2015.02.28-17.52.47:107][165]LogModuleManager: Shutting down and abandoning module PaperTiledImporter (84)
[2015.02.28-17.52.47:107][165]LogModuleManager: Shutting down and abandoning module PaperJsonImporter (83)
[2015.02.28-17.52.47:107][165]LogModuleManager: Shutting down and abandoning module ContentBrowser (82)
[2015.02.28-17.52.47:108][165]LogModuleManager: Shutting down and abandoning module Paper2DEditor (81)
[2015.02.28-17.52.47:108][165]LogModuleManager: Shutting down and abandoning module ScriptPlugin (80)
[2015.02.28-17.52.47:108][165]LogModuleManager: Shutting down and abandoning module UdpMessaging (79)
[2015.02.28-17.52.47:208][165]LogModuleManager: Shutting down and abandoning module Paper2D (78)
[2015.02.28-17.52.47:208][165]LogModuleManager: Shutting down and abandoning module WindowsMoviePlayer (77)
[2015.02.28-17.52.47:209][165]LogModuleManager: Shutting down and abandoning module Media (76)
[2015.02.28-17.52.47:209][165]LogModuleManager: Shutting down and abandoning module WmfMedia (75)
[2015.02.28-17.52.47:210][165]LogModuleManager: Shutting down and abandoning module OnlineBlueprintSupport (74)
[2015.02.28-17.52.47:210][165]LogModuleManager: Shutting down and abandoning module PropertyEditor (73)
[2015.02.28-17.52.47:210][165]LogModuleManager: Shutting down and abandoning module BehaviorTreeEditor (72)
[2015.02.28-17.52.47:210][165]LogModuleManager: Shutting down and abandoning module FunctionalTesting (71)
[2015.02.28-17.52.47:210][165]LogModuleManager: Shutting down and abandoning module CollisionAnalyzer (70)
[2015.02.28-17.52.47:210][165]LogModuleManager: Shutting down and abandoning module WorkspaceMenuStructure (69)
[2015.02.28-17.52.47:210][165]LogModuleManager: Shutting down and abandoning module MessageLog (68)
[2015.02.28-17.52.47:210][165]LogModuleManager: Shutting down and abandoning module Sequencer (67)
[2015.02.28-17.52.47:210][165]LogModuleManager: Shutting down and abandoning module AssetTools (66)
[2015.02.28-17.52.47:210][165]LogModuleManager: Shutting down and abandoning module UMGEditor (65)
[2015.02.28-17.52.47:210][165]LogModuleManager: Shutting down and abandoning module UMG (64)
[2015.02.28-17.52.47:210][165]LogModuleManager: Shutting down and abandoning module Slate (63)
[2015.02.28-17.52.47:210][165]LogModuleManager: Shutting down and abandoning module EditorStyle (62)
[2015.02.28-17.52.47:213][165]LogModuleManager: Shutting down and abandoning module SessionServices (61)
[2015.02.28-17.52.47:213][165]LogModuleManager: Shutting down and abandoning module SourceCodeAccess (60)
[2015.02.28-17.52.47:213][165]LogModuleManager: Shutting down and abandoning module HeadMountedDisplay (59)
[2015.02.28-17.52.47:213][165]LogModuleManager: Shutting down and abandoning module XAudio2 (58)
[2015.02.28-17.52.47:213][165]LogModuleManager: Shutting down and abandoning module Networking (56)
[2015.02.28-17.52.47:213][165]LogModuleManager: Shutting down and abandoning module Core (55)
[2015.02.28-17.52.47:213][165]LogModuleManager: Shutting down and abandoning module KismetCompiler (54)
[2015.02.28-17.52.47:213][165]LogModuleManager: Shutting down and abandoning module PhysXFormats (53)
[2015.02.28-17.52.47:213][165]LogModuleManager: Shutting down and abandoning module MeshUtilities (52)
[2015.02.28-17.52.47:213][165]LogModuleManager: Shutting down and abandoning module DerivedDataCache (51)
[2015.02.28-17.52.47:278][165]LogDerivedDataCache: Shutdown
[2015.02.28-17.52.47:278][165]LogModuleManager: Shutting down and abandoning module ShaderFormatOpenGL (50)
[2015.02.28-17.52.47:278][165]LogModuleManager: Shutting down and abandoning module ShaderFormatD3D (49)
[2015.02.28-17.52.47:278][165]LogModuleManager: Shutting down and abandoning module MetalShaderFormat (48)
[2015.02.28-17.52.47:278][165]LogModuleManager: Shutting down and abandoning module TextureFormatUncompressed (47)
[2015.02.28-17.52.47:278][165]LogModuleManager: Shutting down and abandoning module TextureFormatPVR (46)
[2015.02.28-17.52.47:278][165]LogModuleManager: Shutting down and abandoning module TextureFormatIntelISPCTexComp (45)
[2015.02.28-17.52.47:278][165]LogModuleManager: Shutting down and abandoning module TextureFormatDXT (44)
[2015.02.28-17.52.47:278][165]LogModuleManager: Shutting down and abandoning module ImageWrapper (43)
[2015.02.28-17.52.47:278][165]LogModuleManager: Shutting down and abandoning module TextureFormatASTC (42)
[2015.02.28-17.52.47:278][165]LogModuleManager: Shutting down and abandoning module TextureFormatAndroid (41)
[2015.02.28-17.52.47:278][165]LogModuleManager: Shutting down and abandoning module AudioFormatOpus (40)
[2015.02.28-17.52.47:278][165]LogModuleManager: Shutting down and abandoning module AudioFormatOgg (39)
[2015.02.28-17.52.47:278][165]LogModuleManager: Shutting down and abandoning module AudioFormatADPCM (38)
[2015.02.28-17.52.47:278][165]LogModuleManager: Shutting down and abandoning module LinuxTargetPlatform (37)
[2015.02.28-17.52.47:278][165]LogModuleManager: Shutting down and abandoning module LinuxServerTargetPlatform (36)
[2015.02.28-17.52.47:278][165]LogModuleManager: Shutting down and abandoning module LinuxNoEditorTargetPlatform (35)
[2015.02.28-17.52.47:278][165]LogModuleManager: Shutting down and abandoning module Messaging (34)
[2015.02.28-17.52.47:278][165]LogModuleManager: Shutting down and abandoning module IOSTargetPlatform (33)
[2015.02.28-17.52.47:278][165]LogModuleManager: Shutting down and abandoning module HTML5TargetPlatform (32)
[2015.02.28-17.52.47:278][165]LogModuleManager: Shutting down and abandoning module Android_PVRTCTargetPlatform (31)
[2015.02.28-17.52.47:278][165]LogModuleManager: Shutting down and abandoning module Android_ETC2TargetPlatform (30)
[2015.02.28-17.52.47:278][165]LogModuleManager: Shutting down and abandoning module Android_ETC1TargetPlatform (29)
[2015.02.28-17.52.47:278][165]LogModuleManager: Shutting down and abandoning module Android_ES31TargetPlatform (28)
[2015.02.28-17.52.47:278][165]LogModuleManager: Shutting down and abandoning module Android_DXTTargetPlatform (27)
[2015.02.28-17.52.47:278][165]LogModuleManager: Shutting down and abandoning module Android_ATCTargetPlatform (26)
[2015.02.28-17.52.47:278][165]LogModuleManager: Shutting down and abandoning module AndroidTargetPlatform (25)
[2015.02.28-17.52.47:278][165]LogModuleManager: Shutting down and abandoning module WindowsTargetPlatform (24)
[2015.02.28-17.52.47:278][165]LogModuleManager: Shutting down and abandoning module WindowsServerTargetPlatform (23)
[2015.02.28-17.52.47:278][165]LogModuleManager: Shutting down and abandoning module WindowsNoEditorTargetPlatform (22)
[2015.02.28-17.52.47:278][165]LogModuleManager: Shutting down and abandoning module WindowsClientTargetPlatform (21)
[2015.02.28-17.52.47:278][165]LogModuleManager: Shutting down and abandoning module TargetPlatform (20)
[2015.02.28-17.52.47:278][165]LogModuleManager: Shutting down and abandoning module InputCore (19)
[2015.02.28-17.52.47:278][165]LogModuleManager: Shutting down and abandoning module Settings (18)
[2015.02.28-17.52.47:278][165]LogModuleManager: Shutting down and abandoning module OnlineSubsystem (16)
[2015.02.28-17.52.47:278][165]LogModuleManager: Shutting down and abandoning module OculusRift (15)
[2015.02.28-17.52.47:278][165]LogModuleManager: Shutting down and abandoning module ExampleDeviceProfileSelector (14)
[2015.02.28-17.52.47:278][165]LogModuleManager: Shutting down and abandoning module TextureCompressor (13)
[2015.02.28-17.52.47:278][165]LogModuleManager: Shutting down and abandoning module ShaderCore (12)
[2015.02.28-17.52.47:278][165]LogModuleManager: Shutting down and abandoning module Landscape (11)
[2015.02.28-17.52.47:278][165]LogModuleManager: Shutting down and abandoning module SlateRHIRenderer (10)
[2015.02.28-17.52.47:281][165]LogModuleManager: Shutting down and abandoning module OpenGLDrv (9)
[2015.02.28-17.52.47:282][165]LogModuleManager: Shutting down and abandoning module D3D11RHI (8)
[2015.02.28-17.52.47:282][165]LogModuleManager: Shutting down and abandoning module Renderer (7)
[2015.02.28-17.52.47:282][165]LogModuleManager: Shutting down and abandoning module Engine (6)
[2015.02.28-17.52.47:282][165]LogModuleManager: Shutting down and abandoning module CoreUObject (5)
[2015.02.28-17.52.47:282][165]LogModuleManager: Shutting down and abandoning module NetworkFile (4)
[2015.02.28-17.52.47:282][165]LogModuleManager: Shutting down and abandoning module StreamingFile (3)
[2015.02.28-17.52.47:282][165]LogModuleManager: Shutting down and abandoning module SandboxFile (2)
[2015.02.28-17.52.47:282][165]LogModuleManager: Shutting down and abandoning module PakFile (1)
[2015.02.28-17.52.47:282][165]LogExit: Exiting.
[2015.02.28-17.52.47:286][165]Log file closed, 02/28/15 18:52:47
