[2015.06.12-15.44.15:268][  0]Log file open, 06/12/15 17:44:15
[2015.06.12-15.44.15:268][  0]LogInit:Display: Running engine for game: NagaQuest
[2015.06.12-15.44.15:268][  0]LogInit:Display: RandInit(1523531493) SRandInit(1523531494).
[2015.06.12-15.44.15:268][  0]LogTaskGraph: Started task graph with 4 named threads and 7 total threads.
[2015.06.12-15.44.15:268][  0]LogStats: Stats thread started
[2015.06.12-15.44.15:268][  0]LogInit: Version: 4.8.0-2579680+++depot+UE4-Releases+4.8
[2015.06.12-15.44.15:268][  0]LogInit: API Version: 2579680
[2015.06.12-15.44.15:268][  0]LogInit: Compiled (64-bit): Jun  8 2015 03:34:53
[2015.06.12-15.44.15:268][  0]LogInit: Compiled with Visual C++: 18.00.21005.01
[2015.06.12-15.44.15:268][  0]LogInit: Build Configuration: Development
[2015.06.12-15.44.15:268][  0]LogInit: Branch Name: ++depot+UE4-Releases+4.8
[2015.06.12-15.44.15:268][  0]LogInit: Command line:  
[2015.06.12-15.44.15:268][  0]LogInit: Base directory: G:/UE4/Epic Games/4.8/Engine/Binaries/Win64/
[2015.06.12-15.44.15:268][  0]LogInit: Rocket: 1
[2015.06.12-15.44.15:277][  0]LogInit: Using libcurl 7.41.0
[2015.06.12-15.44.15:277][  0]LogInit:  - built for x86_64-pc-win32
[2015.06.12-15.44.15:277][  0]LogInit:  - supports SSL with WinSSL
[2015.06.12-15.44.15:277][  0]LogInit:  - other features:
[2015.06.12-15.44.15:277][  0]LogInit:      CURL_VERSION_SSL
[2015.06.12-15.44.15:277][  0]LogInit:      CURL_VERSION_IPV6
[2015.06.12-15.44.15:277][  0]LogInit:      CURL_VERSION_ASYNCHDNS
[2015.06.12-15.44.15:277][  0]LogInit:      CURL_VERSION_LARGEFILE
[2015.06.12-15.44.15:277][  0]LogInit:      CURL_VERSION_IDN
[2015.06.12-15.44.15:277][  0]LogInit:  CurlRequestOptions (configurable via config and command line):
[2015.06.12-15.44.15:277][  0]LogInit:  - bVerifyPeer = true  - Libcurl will verify peer certificate
[2015.06.12-15.44.15:277][  0]LogInit:  - bUseHttpProxy = false  - Libcurl will NOT use HTTP proxy
[2015.06.12-15.44.15:277][  0]LogInit:  - bDontReuseConnections = false  - Libcurl will reuse connections
[2015.06.12-15.44.15:277][  0]LogInit:  - CertBundlePath = nullptr  - Libcurl will use whatever was configured at build time.
[2015.06.12-15.44.15:285][  0]LogOnline:Warning: No default platform service specified for OnlineSubsystem
[2015.06.12-15.44.15:295][  0]LogInit: Presizing for 0 objects not considered by GC, pre-allocating 0 bytes.
[2015.06.12-15.44.15:301][  0]LogInit: Object subsystem initialized
[2015.06.12-15.44.15:302][  0]LogConsoleResponse:Warning: Skipping Unknown console variable: 'TranslucentSortAxis = (X=0.000000,Y=-1.000000,Z=0.000000)'
[2015.06.12-15.44.15:302][  0]LogConsoleResponse:Warning:   Found in ini file 'G:/UE4/git/Naga_Quest/Saved/Config/Windows/Engine.ini', in section '[/Script/Engine.RendererSettings]'
[2015.06.12-15.44.15:302][  0]LogConsoleResponse:Warning: Skipping Unknown console variable: 'UIScaleRule = ShortestSide'
[2015.06.12-15.44.15:302][  0]LogConsoleResponse:Warning:   Found in ini file 'G:/UE4/git/Naga_Quest/Saved/Config/Windows/Engine.ini', in section '[/Script/Engine.RendererSettings]'
[2015.06.12-15.44.15:302][  0]LogConsoleResponse:Warning: Skipping Unknown console variable: 'UIScaleCurve = (EditorCurveData=(Keys=),ExternalCurve=None)'
[2015.06.12-15.44.15:302][  0]LogConsoleResponse:Warning:   Found in ini file 'G:/UE4/git/Naga_Quest/Saved/Config/Windows/Engine.ini', in section '[/Script/Engine.RendererSettings]'
[2015.06.12-15.44.15:308][  0]LogInit: Selected Device Profile: [Windows]
[2015.06.12-15.44.15:308][  0]LogInit: Applying CVar settings loaded from the selected device profile: [Windows]
[2015.06.12-15.44.15:313][  0]LogInit: Computer: ALLAZE-PRO-PC
[2015.06.12-15.44.15:313][  0]LogInit: User: allazepro
[2015.06.12-15.44.15:313][  0]LogInit: CPU Page size=4096, Cores=4
[2015.06.12-15.44.15:313][  0]LogInit: High frequency timer resolution =3.418046 MHz
[2015.06.12-15.44.15:313][  0]LogMemory: Memory total: Physical=31.9GB (32GB approx)
[2015.06.12-15.44.15:313][  0]LogMemory: Platform Memory Stats for Windows
[2015.06.12-15.44.15:313][  0]LogMemory: Process Physical Memory: 50.03 MB used, 50.03 MB peak
[2015.06.12-15.44.15:313][  0]LogMemory: Process Virtual Memory: 23.93 MB used, 23.93 MB peak
[2015.06.12-15.44.15:313][  0]LogMemory: Physical Memory: 7376.92 MB used, 32711.93 MB total
[2015.06.12-15.44.15:313][  0]LogMemory: Virtual Memory: 283.88 MB used, 8388608.00 MB total
[2015.06.12-15.44.15:345][  0]LogTextLocalizationManager: The requested culture ('fr_FR') has no localization data; falling back to 'en' for localization and internationalization data.
[2015.06.12-15.44.15:527][  0]LogTextLocalizationManager:Warning: Loaded localization resources contain conflicting entries for (Namespace:ContentBrowser, Key:ImportAssetToolTip):
Localization Resource: (G:/UE4/Epic Games/4.8/Engine/Content/Localization/Editor/en/Editor.locres) Source String Hash: (-630476809) Localized String: (Import to {0}...)
Localization Resource: (G:/UE4/Epic Games/4.8/Engine/Content/Localization/Editor/en/Editor.locres) Source String Hash: (1271782899) Localized String: (Imports an asset from file to this folder.)
[2015.06.12-15.44.15:907][  0]LogD3D11RHI: Found D3D11 adapter 0: NVIDIA GeForce GTX 770 (Feature Level 11_0)
[2015.06.12-15.44.15:907][  0]LogD3D11RHI: Adapter has 4027MB of dedicated video memory, 0MB of dedicated system memory, and 16099MB of shared system memory, 2 output[s]
[2015.06.12-15.44.15:907][  0]LogD3D11RHI: Chosen D3D11 Adapter Id = 0
[2015.06.12-15.44.15:913][  0]LogRHI: Texture pool is 1361 MB (70% of 1945 MB)
[2015.06.12-15.44.15:921][  0]LogD3D11RHI: Async texture creation enabled
[2015.06.12-15.44.15:934][  0]LogShaderCompilers:Display: Using Local Shader Compiler.
[2015.06.12-15.44.16:576][  0]LogTemp:Display: Loaded TP DesktopTargetPlatform
[2015.06.12-15.44.16:586][  0]LogTemp:Display: Loaded TP WindowsClientTargetPlatform
[2015.06.12-15.44.16:598][  0]LogTemp:Display: Loaded TP WindowsNoEditorTargetPlatform
[2015.06.12-15.44.16:609][  0]LogTemp:Display: Loaded TP WindowsServerTargetPlatform
[2015.06.12-15.44.16:621][  0]LogTemp:Display: Loaded TP WindowsTargetPlatform
[2015.06.12-15.44.16:630][  0]LogTemp:Display: Loaded TP AndroidTargetPlatform
[2015.06.12-15.44.16:639][  0]LogTemp:Display: Loaded TP Android_ASTCTargetPlatform
[2015.06.12-15.44.16:647][  0]LogTemp:Display: Loaded TP Android_ATCTargetPlatform
[2015.06.12-15.44.16:656][  0]LogTemp:Display: Loaded TP Android_DXTTargetPlatform
[2015.06.12-15.44.16:665][  0]LogTemp:Display: Loaded TP Android_ETC1TargetPlatform
[2015.06.12-15.44.16:674][  0]LogTemp:Display: Loaded TP Android_ETC2TargetPlatform
[2015.06.12-15.44.16:683][  0]LogTemp:Display: Loaded TP Android_PVRTCTargetPlatform
[2015.06.12-15.44.16:720][  0]LogTemp:Display: Loaded TP IOSTargetPlatform
[2015.06.12-15.44.16:729][  0]LogTemp:Display: Loaded TP LinuxNoEditorTargetPlatform
[2015.06.12-15.44.16:738][  0]LogTemp:Display: Loaded TP LinuxServerTargetPlatform
[2015.06.12-15.44.16:748][  0]LogTemp:Display: Loaded TP LinuxTargetPlatform
[2015.06.12-15.44.16:748][  0]LogTargetPlatformManager:Display: Building Assets For Windows
[2015.06.12-15.44.16:891][  0]LogDerivedDataCache:Display: Max Cache Size: 512 MB
[2015.06.12-15.44.16:935][  0]LogDerivedDataCache: Loaded boot cache 0.04s 53MB C:/Users/allaze-pro/AppData/Local/UnrealEngine/4.8/DerivedDataCache/Boot.ddc.
[2015.06.12-15.44.16:935][  0]LogDerivedDataCache:Display: Loaded Boot cache: C:/Users/allaze-pro/AppData/Local/UnrealEngine/4.8/DerivedDataCache/Boot.ddc
[2015.06.12-15.44.16:935][  0]LogDerivedDataCache: FDerivedDataBackendGraph:  Pak pak cache file ../../../../../git/Naga_Quest/DerivedDataCache/DDC.ddp not found, will not use a pak cache.
[2015.06.12-15.44.16:935][  0]LogDerivedDataCache: Unable to find inner node Pak for hierarchical cache Hierarchy.
[2015.06.12-15.44.16:936][  0]LogDerivedDataCache: FDerivedDataBackendGraph:  CompressedPak pak cache file ../../../../../git/Naga_Quest/DerivedDataCache/Compressed.ddp not found, will not use a pak cache.
[2015.06.12-15.44.16:936][  0]LogDerivedDataCache: Unable to find inner node CompressedPak for hierarchical cache Hierarchy.
[2015.06.12-15.44.17:061][  0]LogDerivedDataCache:Display: Pak cache opened for reading ../../../Engine/DerivedDataCache/Compressed.ddp.
[2015.06.12-15.44.17:072][  0]LogDerivedDataCache: Using Local data cache path C:/Users/allaze-pro/AppData/Local/UnrealEngine/Common/DerivedDataCache: Writable
[2015.06.12-15.44.17:219][  0]LogInit: Selected Device Profile: [Windows]
[2015.06.12-15.44.17:226][  0]ImportText (ComponentSweepMultiTests): Missing closing parenthesis: (RootShapeAsset="/Engine/BasicShapes/Cube.Cube",ShapeType="TriggerCapsule",HitResult=(Time=0.50,Location=(X=-100.000015,Y=0.0,Z=100.000015),ImpactPoint=(X=-50.0,Y=0.0,Z=50.0),Normal=(X=-1.0,Y=-0.0,Z=0.0),ImpactNormal=(X=0.0,Y=0.0,Z=1.0),TraceStart=(X=-200.0,Y=0.0,Z=200.0),TraceEnd=(X=0.0,Y=0.0,Z=0.0))
[2015.06.12-15.44.17:226][  0]ImportText (LineTraceSingleByChannelTests): Missing closing parenthesis: (RootShapeAsset="/Engine/BasicShapes/Cube.Cube",HitResult=(Time=0.50,Location=(X=-100.000015,Y=0.0,Z=100.000015),ImpactPoint=(X=-50.0,Y=0.0,Z=50.0),Normal=(X=-1.0,Y=-0.0,Z=0.0),ImpactNormal=(X=0.0,Y=0.0,Z=1.0),TraceStart=(X=-200.0,Y=0.0,Z=200.0),TraceEnd=(X=0.0,Y=0.0,Z=0.0))
[2015.06.12-15.44.17:245][  0]LogMeshUtilities: No automatic mesh reduction module available
[2015.06.12-15.44.17:245][  0]LogMeshUtilities: No automatic mesh merging module available
[2015.06.12-15.44.17:544][  0]LogInit: WinSock: version 1.1 (2.2), MaxSocks=32767, MaxUdp=65467
[2015.06.12-15.44.18:334][  0]UdpMessaging: Initializing bridge on interface 0.0.0.0:0 to multicast group 230.0.0.1:6666.
[2015.06.12-15.44.18:600][  0]SourceControl: Info Source control is disabled
[2015.06.12-15.44.18:861][  0]LogObj: 26273 objects as part of root set at end of initial load.
[2015.06.12-15.44.18:861][  0]LogUObjectAllocator: 5409256 out of 0 bytes used by permanent object pool.
[2015.06.12-15.44.18:917][  0]LogEngine: Initializing Engine...
[2015.06.12-15.44.18:918][  0]LogHMD: Can't find Oculus library dev build: is proper Runtime installed? Version: 0.6.0.0
[2015.06.12-15.44.18:919][  0]LogHMD:Warning: SteamVR failed to initialize.  Error: 110
[2015.06.12-15.44.19:033][  0]LogAIModule: Creating AISystem for world NewWorld
[2015.06.12-15.44.19:037][  0]LogInit: XAudio2 using 'Haut-parleurs (Realtek High Definition Audio)' : 2 channels at 48 kHz using 32 bits per sample (channel mask 0x3)
[2015.06.12-15.44.19:044][  0]LogInit: FAudioDevice initialized.
[2015.06.12-15.44.19:070][  0]LogDerivedDataCache: Saved boot cache 0.03s 53MB C:/Users/allaze-pro/AppData/Local/UnrealEngine/4.8/DerivedDataCache/Boot.ddc.
[2015.06.12-15.44.19:074][  0]LogInit: Texture streaming: Disabled
[2015.06.12-15.44.19:090][  0]LogAnalytics: Creating configured Analytics provider AnalyticsET
[2015.06.12-15.44.19:090][  0]LogAnalytics: [UEEditor.Rocket.Release] APIServer = http://et2.epicgames.com/ET2/. AppVersion = 4.8.0-2579680+++depot+UE4-Releases+4.8
[2015.06.12-15.44.19:090][  0]LogAnalytics: [UEEditor.Rocket.Release] SetUserId a76b587643b4c4813f73aeba399cedd3|0cff796e62bc4c93b776744bbea7748c|0efb23af-f91b-4646-87d1-d0f8b95db058
[2015.06.12-15.44.19:090][  0]LogAnalytics: [UEEditor.Rocket.Release] AnalyticsET::StartSession
[2015.06.12-15.44.19:109][  0]LogInit: Transaction tracking system initialized
[2015.06.12-15.44.19:199][  0]BlueprintLog: New page: Editor Load
[2015.06.12-15.44.19:226][  0]LogAssetRegistry: FAssetRegistry took 0.0102 seconds to start up
[2015.06.12-15.44.19:226][  0]LogDirectoryWatcher:Warning: Failed to begin reading directory changes for ../../../Engine/Plugins/Experimental/CharacterAI/Content/. Error: 0
[2015.06.12-15.44.19:791][  0]LogLinker:Warning: Can't find file '/Game/TopDownBP/TopDownOverview'
[2015.06.12-15.44.19:791][  0]LogLinker:Warning: Can't find file '/Game/TopDownBP/TopDownOverview'
[2015.06.12-15.44.19:791][  0]LogLinker:Warning: Can't find file '/Game/TopDownBP/TopDownOverview'
[2015.06.12-15.44.19:791][  0]LogUObjectGlobals:Warning: Failed to find object 'Class /Game/TopDownBP/TopDownOverview.TopDownOverview_C'
[2015.06.12-15.44.19:828][  0]LogConsoleManager:Warning: Console variable 'r.VSync' wasn't set ('GameSetting' has a lower priority than 'SystemSettingsIni')
[2015.06.12-15.44.19:829][  0]LogConsoleResponse:Display: 
[2015.06.12-15.44.19:900][  0]LogCook:Display: Done creating registry. It took  0.00s.
[2015.06.12-15.44.20:053][  0]Cmd: MAP LOAD FILE="../../../../../git/Naga_Quest/Content/Maps/LevelTest.umap" TEMPLATE=0 SHOWPROGRESS=1 FEATURELEVEL=3
[2015.06.12-15.44.20:053][  0]LightingResults: New page: Lighting Build
[2015.06.12-15.44.20:062][  0]MapCheck: New page: Map Check
[2015.06.12-15.44.20:062][  0]LightingResults: New page: Lighting Build
[2015.06.12-15.44.20:069][  0]LogParticles: Destroying 0 GPU particle simulations for FXSystem 0x0000000022EBCB80
[2015.06.12-15.44.20:613][  0]LogAIModule: Creating AISystem for world LevelTest
[2015.06.12-15.44.20:619][  0]LogEditorServer: Finished looking for orphan Actors (0.000 secs)
[2015.06.12-15.44.20:619][  0]Cmd: MAP CHECKDEP NOCLEARLOG
[2015.06.12-15.44.20:647][  0]MapCheck: Info Map check complete: 0 Error(s), 0 Warning(s), took 27.827ms to complete.
[2015.06.12-15.44.20:647][  0]LogFileHelpers: Loading map 'LevelTest' took 0.595
[2015.06.12-15.44.20:761][  0]LogCollectionManager: Loaded 0 collections in 0.001393 seconds
[2015.06.12-15.44.20:767][  0]LogContentBrowser: Native class hierarchy populated in 0.0058 seconds. Added 1792 classes and 301 folders.
[2015.06.12-15.44.20:801][  0]LogContentBrowser: Native class hierarchy updated for 'WidgetCarousel' in 0.0003 seconds. Added 0 classes and 0 folders.
[2015.06.12-15.44.20:819][  0]LogContentBrowser: Native class hierarchy updated for 'AddContentDialog' in 0.0003 seconds. Added 0 classes and 0 folders.
[2015.06.12-15.44.20:830][  0]LogContentBrowser: Native class hierarchy updated for 'SceneOutliner' in 0.0002 seconds. Added 1 classes and 2 folders.
[2015.06.12-15.44.20:856][  0]LogCrashTracker: Crashtracker disabled due to settings.
[2015.06.12-15.44.20:861][  0]LogUObjectGlobals:Warning: Failed to find object 'Class None.'
[2015.06.12-15.44.20:881][  0]LogLoad: Full Startup: 6.60 seconds (BP compile: 0.23 seconds)
[2015.06.12-15.44.20:932][  0]SourceControl: Info On branch master
[2015.06.12-15.44.20:932][  0]SourceControl: Info Your branch is up-to-date with 'origin/master'.
[2015.06.12-15.44.20:932][  0]SourceControl: Info Untracked files:
[2015.06.12-15.44.20:932][  0]SourceControl: Info   (use "git add <file>..." to include in what will be committed)
[2015.06.12-15.44.20:932][  0]SourceControl: Info 	Intermediate/
[2015.06.12-15.44.20:932][  0]SourceControl: Info 	Saved/
[2015.06.12-15.44.20:932][  0]SourceControl: Info nothing added to commit but untracked files present (use "git add" to track)
[2015.06.12-15.44.20:932][  0]LogContentStreaming: Texture pool size is 0.000000MB
[2015.06.12-15.44.20:950][  0]LogContentStreaming: Texture pool size now 1000 MB
[2015.06.12-15.44.21:051][  0]LogRenderer: Reallocating scene render targets to support 1208x584 (Frame:2).
[2015.06.12-15.44.21:258][  6]LogAssetRegistry: Asset discovery search completed in 2.0424 seconds
[2015.06.12-15.45.09:696][261]SourceControl: Info fatal: G:/UE4/Epic Games/4.8/Engine/Content/ArtTools/RenderToTexture/Blueprints/PhysMesh.uasset: 'G:/UE4/Epic Games/4.8/Engine/Content/ArtTools/RenderToTexture/Blueprints/PhysMesh.uasset' is outside repository
[2015.06.12-15.45.09:696][261]SourceControl: Info fatal: G:/UE4/Epic Games/4.8/Engine/Content/ArtTools/RenderToTexture/Enums/RenderToTexture_Enum.uasset: 'G:/UE4/Epic Games/4.8/Engine/Content/ArtTools/RenderToTexture/Enums/RenderToTexture_Enum.uasset' is outside repository
[2015.06.12-15.45.09:696][261]SourceControl: Info fatal: G:/UE4/Epic Games/4.8/Engine/Content/ArtTools/RenderToTexture/Macros/RenderToTextureMacros.uasset: 'G:/UE4/Epic Games/4.8/Engine/Content/ArtTools/RenderToTexture/Macros/RenderToTextureMacros.uasset' is outside repository
[2015.06.12-15.45.09:696][261]SourceControl: Info fatal: G:/UE4/Epic Games/4.8/Engine/Content/ArtTools/RenderToTexture/MaterialFunctions/BoundingSphereBased_0-1_UVW.uasset: 'G:/UE4/Epic Games/4.8/Engine/Content/ArtTools/RenderToTexture/MaterialFunctions/BoundingSphereBased_0-1_UVW.uasset' is outside repository
[2015.06.12-15.45.09:696][261]SourceControl: Info fatal: G:/UE4/Epic Games/4.8/Engine/Content/ArtTools/RenderToTexture/Materials/MPC_R2T.uasset: 'G:/UE4/Epic Games/4.8/Engine/Content/ArtTools/RenderToTexture/Materials/MPC_R2T.uasset' is outside repository
[2015.06.12-15.45.09:696][261]SourceControl: Info fatal: G:/UE4/Epic Games/4.8/Engine/Content/ArtTools/RenderToTexture/Materials/Debug/M_2sidedLit.uasset: 'G:/UE4/Epic Games/4.8/Engine/Content/ArtTools/RenderToTexture/Materials/Debug/M_2sidedLit.uasset' is outside repository
[2015.06.12-15.45.09:696][261]SourceControl: Info fatal: G:/UE4/Epic Games/4.8/Engine/Content/ArtTools/RenderToTexture/Materials/Flipbooks/M_FlipBookCounter_01.uasset: 'G:/UE4/Epic Games/4.8/Engine/Content/ArtTools/RenderToTexture/Materials/Flipbooks/M_FlipBookCounter_01.uasset' is outside repository
[2015.06.12-15.45.09:696][261]SourceControl: Info fatal: G:/UE4/Epic Games/4.8/Engine/Content/ArtTools/RenderToTexture/Meshes/ShadowTestMesh.uasset: 'G:/UE4/Epic Games/4.8/Engine/Content/ArtTools/RenderToTexture/Meshes/ShadowTestMesh.uasset' is outside repository
[2015.06.12-15.45.09:696][261]SourceControl: Info fatal: G:/UE4/Epic Games/4.8/Engine/Content/ArtTools/RenderToTexture/Textures/127grey.uasset: 'G:/UE4/Epic Games/4.8/Engine/Content/ArtTools/RenderToTexture/Textures/127grey.uasset' is outside repository
[2015.06.12-15.45.09:696][261]SourceControl: Info fatal: G:/UE4/Epic Games/4.8/Engine/Content/ArtTools/RenderToTexture/Textures/FlipbookMotionVectors/Position1.uasset: 'G:/UE4/Epic Games/4.8/Engine/Content/ArtTools/RenderToTexture/Textures/FlipbookMotionVectors/Position1.uasset' is outside repository
[2015.06.12-15.45.09:696][261]SourceControl: Info fatal: G:/UE4/Epic Games/4.8/Engine/Content/BasicShapes/BasicShapeMaterial.uasset: 'G:/UE4/Epic Games/4.8/Engine/Content/BasicShapes/BasicShapeMaterial.uasset' is outside repository
[2015.06.12-15.45.09:696][261]SourceControl: Info fatal: G:/UE4/Epic Games/4.8/Engine/Content/BufferVisualization/AmbientOcclusion.uasset: 'G:/UE4/Epic Games/4.8/Engine/Content/BufferVisualization/AmbientOcclusion.uasset' is outside repository
[2015.06.12-15.45.09:696][261]SourceControl: Info fatal: G:/UE4/Epic Games/4.8/Engine/Content/Editor/Slate/Icons/AssetIcons/Cone_16x.uasset: 'G:/UE4/Epic Games/4.8/Engine/Content/Editor/Slate/Icons/AssetIcons/Cone_16x.uasset' is outside repository
[2015.06.12-15.45.09:696][261]SourceControl: Info fatal: G:/UE4/Epic Games/4.8/Engine/Content/EditorBlueprintResources/ActorMacros.uasset: 'G:/UE4/Epic Games/4.8/Engine/Content/EditorBlueprintResources/ActorMacros.uasset' is outside repository
[2015.06.12-15.45.09:696][261]SourceControl: Info fatal: G:/UE4/Epic Games/4.8/Engine/Content/EditorKismetResources/StandardMacros.uasset: 'G:/UE4/Epic Games/4.8/Engine/Content/EditorKismetResources/StandardMacros.uasset' is outside repository
[2015.06.12-15.45.09:696][261]SourceControl: Info fatal: G:/UE4/Epic Games/4.8/Engine/Content/EditorLandscapeResources/AlphaBrushMaterial.uasset: 'G:/UE4/Epic Games/4.8/Engine/Content/EditorLandscapeResources/AlphaBrushMaterial.uasset' is outside repository
[2015.06.12-15.45.09:696][261]SourceControl: Info fatal: G:/UE4/Epic Games/4.8/Engine/Content/EditorMaterials/Anchor.uasset: 'G:/UE4/Epic Games/4.8/Engine/Content/EditorMaterials/Anchor.uasset' is outside repository
[2015.06.12-15.45.09:696][261]SourceControl: Info fatal: G:/UE4/Epic Games/4.8/Engine/Content/EditorMaterials/TreeArrow_ExpandedRealtimePreview.uasset: 'G:/UE4/Epic Games/4.8/Engine/Content/EditorMaterials/TreeArrow_ExpandedRealtimePreview.uasset' is outside repository
[2015.06.12-15.45.09:696][261]SourceControl: Info fatal: G:/UE4/Epic Games/4.8/Engine/Content/EditorMaterials/Cascade/CASC_BackgroundCube_MAT.uasset: 'G:/UE4/Epic Games/4.8/Engine/Content/EditorMaterials/Cascade/CASC_BackgroundCube_MAT.uasset' is outside repository
[2015.06.12-15.45.09:696][261]SourceControl: Info fatal: G:/UE4/Epic Games/4.8/Engine/Content/EditorMaterials/Matinee/MAT_EnableTrack_Mat.uasset: 'G:/UE4/Epic Games/4.8/Engine/Content/EditorMaterials/Matinee/MAT_EnableTrack_Mat.uasset' is outside repository
[2015.06.12-15.45.09:696][261]SourceControl: Info fatal: G:/UE4/Epic Games/4.8/Engine/Content/EditorMaterials/MatineeGroups/MAT_ColorTrack.uasset: 'G:/UE4/Epic Games/4.8/Engine/Content/EditorMaterials/MatineeGroups/MAT_ColorTrack.uasset' is outside repository
[2015.06.12-15.45.09:696][261]SourceControl: Info fatal: G:/UE4/Epic Games/4.8/Engine/Content/EditorMaterials/ParticleSystems/PSysThumbnail_NoImage.uasset: 'G:/UE4/Epic Games/4.8/Engine/Content/EditorMaterials/ParticleSystems/PSysThumbnail_NoImage.uasset' is outside repository
[2015.06.12-15.45.09:696][261]SourceControl: Info fatal: G:/UE4/Epic Games/4.8/Engine/Content/EditorMaterials/Thumbnails/FloorPlaneMaterial.uasset: 'G:/UE4/Epic Games/4.8/Engine/Content/EditorMaterials/Thumbnails/FloorPlaneMaterial.uasset' is outside repository
[2015.06.12-15.45.09:696][261]SourceControl: Info fatal: G:/UE4/Epic Games/4.8/Engine/Content/EditorMaterials/Utilities/ImageReflectionPreview.uasset: 'G:/UE4/Epic Games/4.8/Engine/Content/EditorMaterials/Utilities/ImageReflectionPreview.uasset' is outside repository
[2015.06.12-15.45.09:696][261]SourceControl: Info fatal: G:/UE4/Epic Games/4.8/Engine/Content/EditorMeshes/AnimTreeEd_PreviewFloor.uasset: 'G:/UE4/Epic Games/4.8/Engine/Content/EditorMeshes/AnimTreeEd_PreviewFloor.uasset' is outside repository
[2015.06.12-15.45.09:696][261]SourceControl: Info fatal: G:/UE4/Epic Games/4.8/Engine/Content/EditorMeshes/Cascade/BackgroundCube.uasset: 'G:/UE4/Epic Games/4.8/Engine/Content/EditorMeshes/Cascade/BackgroundCube.uasset' is outside repository
[2015.06.12-15.45.09:696][261]SourceControl: Info fatal: G:/UE4/Epic Games/4.8/Engine/Content/EditorMeshes/ColorCalibrator/M_ChromeBall.uasset: 'G:/UE4/Epic Games/4.8/Engine/Content/EditorMeshes/ColorCalibrator/M_ChromeBall.uasset' is outside repository
[2015.06.12-15.45.09:696][261]SourceControl: Info fatal: G:/UE4/Epic Games/4.8/Engine/Content/EditorMeshes/SkeletalMesh/DefaultSkeletalMesh.uasset: 'G:/UE4/Epic Games/4.8/Engine/Content/EditorMeshes/SkeletalMesh/DefaultSkeletalMesh.uasset' is outside repository
[2015.06.12-15.45.09:696][261]SourceControl: Info fatal: G:/UE4/Epic Games/4.8/Engine/Content/EditorResources/Ai_Spawnpoint.uasset: 'G:/UE4/Epic Games/4.8/Engine/Content/EditorResources/Ai_Spawnpoint.uasset' is outside repository
[2015.06.12-15.45.09:696][261]SourceControl: Info fatal: G:/UE4/Epic Games/4.8/Engine/Content/EditorResources/S_Trigger.uasset: 'G:/UE4/Epic Games/4.8/Engine/Content/EditorResources/S_Trigger.uasset' is outside repository
[2015.06.12-15.45.09:696][261]SourceControl: Info fatal: G:/UE4/Epic Games/4.8/Engine/Content/EditorResources/AI/S_NavLink.uasset: 'G:/UE4/Epic Games/4.8/Engine/Content/EditorResources/AI/S_NavLink.uasset' is outside repository
[2015.06.12-15.45.09:696][261]SourceControl: Info fatal: G:/UE4/Epic Games/4.8/Engine/Content/EditorResources/AudioIcons/S_Ambient_Sound_Moveable.uasset: 'G:/UE4/Epic Games/4.8/Engine/Content/EditorResources/AudioIcons/S_Ambient_Sound_Moveable.uasset' is outside repository
[2015.06.12-15.45.09:696][261]SourceControl: Info fatal: G:/UE4/Epic Games/4.8/Engine/Content/EditorResources/Crowd/T_Crowd_Spline.uasset: 'G:/UE4/Epic Games/4.8/Engine/Content/EditorResources/Crowd/T_Crowd_Spline.uasset' is outside repository
[2015.06.12-15.45.09:696][261]SourceControl: Info fatal: G:/UE4/Epic Games/4.8/Engine/Content/EditorResources/LightIcons/Light_Point_Stationary_Statics.uasset: 'G:/UE4/Epic Games/4.8/Engine/Content/EditorResources/LightIcons/Light_Point_Stationary_Statics.uasset' is outside repository
[2015.06.12-15.45.09:696][261]SourceControl: Info fatal: G:/UE4/Epic Games/4.8/Engine/Content/EditorResources/Spline/T_Loft_Spline.uasset: 'G:/UE4/Epic Games/4.8/Engine/Content/EditorResources/Spline/T_Loft_Spline.uasset' is outside repository
[2015.06.12-15.45.09:696][261]SourceControl: Info fatal: G:/UE4/Epic Games/4.8/Engine/Content/EditorShapes/Materials/MI_ShapeInstance.uasset: 'G:/UE4/Epic Games/4.8/Engine/Content/EditorShapes/Materials/MI_ShapeInstance.uasset' is outside repository
[2015.06.12-15.45.09:697][261]SourceControl: Info fatal: G:/UE4/Epic Games/4.8/Engine/Content/EditorShellMaterials/MI_BaseFlat.uasset: 'G:/UE4/Epic Games/4.8/Engine/Content/EditorShellMaterials/MI_BaseFlat.uasset' is outside repository
[2015.06.12-15.45.09:697][261]SourceControl: Info fatal: G:/UE4/Epic Games/4.8/Engine/Content/EditorShellMaterials/ManualUVs/MI_BaseGrid_MUV.uasset: 'G:/UE4/Epic Games/4.8/Engine/Content/EditorShellMaterials/ManualUVs/MI_BaseGrid_MUV.uasset' is outside repository
[2015.06.12-15.45.09:697][261]SourceControl: Info fatal: G:/UE4/Epic Games/4.8/Engine/Content/EditorShellMaterials/SketchUp/MI_BaseGrid_WUV_SketchUp.uasset: 'G:/UE4/Epic Games/4.8/Engine/Content/EditorShellMaterials/SketchUp/MI_BaseGrid_WUV_SketchUp.uasset' is outside repository
[2015.06.12-15.45.09:697][261]SourceControl: Info fatal: G:/UE4/Epic Games/4.8/Engine/Content/EditorShellMaterials/WorldUVs/MI_BaseGrid_WUV.uasset: 'G:/UE4/Epic Games/4.8/Engine/Content/EditorShellMaterials/WorldUVs/MI_BaseGrid_WUV.uasset' is outside repository
[2015.06.12-15.45.09:697][261]SourceControl: Info fatal: G:/UE4/Epic Games/4.8/Engine/Content/EditorSounds/GamePreview/EjectFromPlayer.uasset: 'G:/UE4/Epic Games/4.8/Engine/Content/EditorSounds/GamePreview/EjectFromPlayer.uasset' is outside repository
[2015.06.12-15.45.09:697][261]SourceControl: Info fatal: G:/UE4/Epic Games/4.8/Engine/Content/EditorSounds/Notifications/CompileFailed.uasset: 'G:/UE4/Epic Games/4.8/Engine/Content/EditorSounds/Notifications/CompileFailed.uasset' is outside repository
[2015.06.12-15.45.09:697][261]SourceControl: Info fatal: G:/UE4/Epic Games/4.8/Engine/Content/EngineAnimNotifies/AnimNotify_PlayParticleEffect.uasset: 'G:/UE4/Epic Games/4.8/Engine/Content/EngineAnimNotifies/AnimNotify_PlayParticleEffect.uasset' is outside repository
[2015.06.12-15.45.09:697][261]SourceControl: Info fatal: G:/UE4/Epic Games/4.8/Engine/Content/EngineDamageTypes/DmgTypeBP_Environmental.uasset: 'G:/UE4/Epic Games/4.8/Engine/Content/EngineDamageTypes/DmgTypeBP_Environmental.uasset' is outside repository
[2015.06.12-15.45.09:697][261]SourceControl: Info fatal: G:/UE4/Epic Games/4.8/Engine/Content/EngineDebugMaterials/BlackUnlitMaterial.uasset: 'G:/UE4/Epic Games/4.8/Engine/Content/EngineDebugMaterials/BlackUnlitMaterial.uasset' is outside repository
[2015.06.12-15.45.09:697][261]SourceControl: Info fatal: G:/UE4/Epic Games/4.8/Engine/Content/EngineDebugMaterials/LightingModels/M_TextureDefinedSpecularReflecti.uasset: 'G:/UE4/Epic Games/4.8/Engine/Content/EngineDebugMaterials/LightingModels/M_TextureDefinedSpecularReflecti.uasset' is outside repository
[2015.06.12-15.45.09:697][261]SourceControl: Info fatal: G:/UE4/Epic Games/4.8/Engine/Content/EngineFonts/Roboto.uasset: 'G:/UE4/Epic Games/4.8/Engine/Content/EngineFonts/Roboto.uasset' is outside repository
[2015.06.12-15.45.09:697][261]SourceControl: Info fatal: G:/UE4/Epic Games/4.8/Engine/Content/EngineLightProfiles/180Degree_IES.uasset: 'G:/UE4/Epic Games/4.8/Engine/Content/EngineLightProfiles/180Degree_IES.uasset' is outside repository
[2015.06.12-15.45.09:697][261]SourceControl: Info fatal: G:/UE4/Epic Games/4.8/Engine/Content/EngineMaterials/AntiAliasedTextMaterialTranslucent.uasset: 'G:/UE4/Epic Games/4.8/Engine/Content/EngineMaterials/AntiAliasedTextMaterialTranslucent.uasset' is outside repository
[2015.06.12-15.45.09:697][261]SourceControl: Info fatal: G:/UE4/Epic Games/4.8/Engine/Content/EngineMaterials/RandomMirrorDisc.uasset: 'G:/UE4/Epic Games/4.8/Engine/Content/EngineMaterials/RandomMirrorDisc.uasset' is outside repository
[2015.06.12-15.45.09:697][261]SourceControl: Info fatal: G:/UE4/Epic Games/4.8/Engine/Content/EngineMeshes/BackgroundCube.uasset: 'G:/UE4/Epic Games/4.8/Engine/Content/EngineMeshes/BackgroundCube.uasset' is outside repository
[2015.06.12-15.45.09:697][261]SourceControl: Info fatal: G:/UE4/Epic Games/4.8/Engine/Content/EngineProduction/ReferenceNormalMap.uasset: 'G:/UE4/Epic Games/4.8/Engine/Content/EngineProduction/ReferenceNormalMap.uasset' is outside repository
[2015.06.12-15.45.09:697][261]SourceControl: Info fatal: G:/UE4/Epic Games/4.8/Engine/Content/EngineResources/AICON-Green.uasset: 'G:/UE4/Epic Games/4.8/Engine/Content/EngineResources/AICON-Green.uasset' is outside repository
[2015.06.12-15.45.09:697][261]SourceControl: Info fatal: G:/UE4/Epic Games/4.8/Engine/Content/EngineResources/Cursors/Arrow.uasset: 'G:/UE4/Epic Games/4.8/Engine/Content/EngineResources/Cursors/Arrow.uasset' is outside repository
[2015.06.12-15.45.09:697][261]SourceControl: Info fatal: G:/UE4/Epic Games/4.8/Engine/Content/EngineSky/BP_Sky_Shere.uasset: 'G:/UE4/Epic Games/4.8/Engine/Content/EngineSky/BP_Sky_Shere.uasset' is outside repository
[2015.06.12-15.45.09:697][261]SourceControl: Info fatal: G:/UE4/Epic Games/4.8/Engine/Content/EngineSounds/Duck_Normal_Attack_MixMod.uasset: 'G:/UE4/Epic Games/4.8/Engine/Content/EngineSounds/Duck_Normal_Attack_MixMod.uasset' is outside repository
[2015.06.12-15.45.09:697][261]SourceControl: Info fatal: G:/UE4/Epic Games/4.8/Engine/Content/EngineSounds/ReverbSettings/Alley.uasset: 'G:/UE4/Epic Games/4.8/Engine/Content/EngineSounds/ReverbSettings/Alley.uasset' is outside repository
[2015.06.12-15.45.09:697][261]SourceControl: Info fatal: G:/UE4/Epic Games/4.8/Engine/Content/EngineTireTypes/DefaultTireType.uasset: 'G:/UE4/Epic Games/4.8/Engine/Content/EngineTireTypes/DefaultTireType.uasset' is outside repository
[2015.06.12-15.45.09:697][261]SourceControl: Info fatal: G:/UE4/Epic Games/4.8/Engine/Content/EngineVolumetrics/FalloffSphere/Materials/M_EV_FalloffSphere_Master_01.uasset: 'G:/UE4/Epic Games/4.8/Engine/Content/EngineVolumetrics/FalloffSphere/Materials/M_EV_FalloffSphere_Master_01.uasset' is outside repository
[2015.06.12-15.45.09:697][261]SourceControl: Info fatal: G:/UE4/Epic Games/4.8/Engine/Content/EngineVolumetrics/FalloffSphere/Mesh/S_EV_FalloffSphere_Mesh_01.uasset: 'G:/UE4/Epic Games/4.8/Engine/Content/EngineVolumetrics/FalloffSphere/Mesh/S_EV_FalloffSphere_Mesh_01.uasset' is outside repository
[2015.06.12-15.45.09:697][261]SourceControl: Info fatal: G:/UE4/Epic Games/4.8/Engine/Content/EngineVolumetrics/FogEnvironment/Materials/M_EV_FogEnvironment_Master_01.uasset: 'G:/UE4/Epic Games/4.8/Engine/Content/EngineVolumetrics/FogEnvironment/Materials/M_EV_FogEnvironment_Master_01.uasset' is outside repository
[2015.06.12-15.45.09:697][261]SourceControl: Info fatal: G:/UE4/Epic Games/4.8/Engine/Content/EngineVolumetrics/FogEnvironment/Mesh/S_EV_FogEnvironment_01_Mesh.uasset: 'G:/UE4/Epic Games/4.8/Engine/Content/EngineVolumetrics/FogEnvironment/Mesh/S_EV_FogEnvironment_01_Mesh.uasset' is outside repository
[2015.06.12-15.45.09:697][261]SourceControl: Info fatal: G:/UE4/Epic Games/4.8/Engine/Content/EngineVolumetrics/Fogsheet/T_EV_Fogsheet_FlareColors_01.uasset: 'G:/UE4/Epic Games/4.8/Engine/Content/EngineVolumetrics/Fogsheet/T_EV_Fogsheet_FlareColors_01.uasset' is outside repository
[2015.06.12-15.45.09:697][261]SourceControl: Info fatal: G:/UE4/Epic Games/4.8/Engine/Content/EngineVolumetrics/Fogsheet/Materials/M_EV_FogSheet_1sided_Master_01.uasset: 'G:/UE4/Epic Games/4.8/Engine/Content/EngineVolumetrics/Fogsheet/Materials/M_EV_FogSheet_1sided_Master_01.uasset' is outside repository
[2015.06.12-15.45.09:697][261]SourceControl: Info fatal: G:/UE4/Epic Games/4.8/Engine/Content/EngineVolumetrics/Fogsheet/Mesh/MI_Fogsheet_HideClose.uasset: 'G:/UE4/Epic Games/4.8/Engine/Content/EngineVolumetrics/Fogsheet/Mesh/MI_Fogsheet_HideClose.uasset' is outside repository
[2015.06.12-15.45.09:697][261]SourceControl: Info fatal: G:/UE4/Epic Games/4.8/Engine/Content/EngineVolumetrics/LightBeam/Materials/M_EV_Lightbeam_Master_01.uasset: 'G:/UE4/Epic Games/4.8/Engine/Content/EngineVolumetrics/LightBeam/Materials/M_EV_Lightbeam_Master_01.uasset' is outside repository
[2015.06.12-15.45.09:697][261]SourceControl: Info fatal: G:/UE4/Epic Games/4.8/Engine/Content/EngineVolumetrics/LightBeam/Mesh/S_EV_SimpleLightBeam_01.uasset: 'G:/UE4/Epic Games/4.8/Engine/Content/EngineVolumetrics/LightBeam/Mesh/S_EV_SimpleLightBeam_01.uasset' is outside repository
[2015.06.12-15.45.09:697][261]SourceControl: Info fatal: G:/UE4/Epic Games/4.8/Engine/Content/Engine_MI_Shaders/MI_Shader_BaseTileEx.uasset: 'G:/UE4/Epic Games/4.8/Engine/Content/Engine_MI_Shaders/MI_Shader_BaseTileEx.uasset' is outside repository
[2015.06.12-15.45.09:697][261]SourceControl: Info fatal: G:/UE4/Epic Games/4.8/Engine/Content/Engine_MI_Shaders/Instances/M_ES_Phong_Opaque_INST_01.uasset: 'G:/UE4/Epic Games/4.8/Engine/Content/Engine_MI_Shaders/Instances/M_ES_Phong_Opaque_INST_01.uasset' is outside repository
[2015.06.12-15.45.09:697][261]SourceControl: Info fatal: G:/UE4/Epic Games/4.8/Engine/Content/Engine_MI_Shaders/Textures/Bokeh.uasset: 'G:/UE4/Epic Games/4.8/Engine/Content/Engine_MI_Shaders/Textures/Bokeh.uasset' is outside repository
[2015.06.12-15.45.09:697][261]SourceControl: Info fatal: G:/UE4/Epic Games/4.8/Engine/Content/FunctionalTesting/Blueprints/AITesting_MoveGoal.uasset: 'G:/UE4/Epic Games/4.8/Engine/Content/FunctionalTesting/Blueprints/AITesting_MoveGoal.uasset' is outside repository
[2015.06.12-15.45.09:697][261]SourceControl: Info fatal: G:/UE4/Epic Games/4.8/Engine/Content/Functions/Engine_MaterialFunctions01/AlphaBlend/World_Aligned_Blend.uasset: 'G:/UE4/Epic Games/4.8/Engine/Content/Functions/Engine_MaterialFunctions01/AlphaBlend/World_Aligned_Blend.uasset' is outside repository
[2015.06.12-15.45.09:697][261]SourceControl: Info fatal: G:/UE4/Epic Games/4.8/Engine/Content/Functions/Engine_MaterialFunctions01/Coordinates/UVRemap_0-1_ToRange.uasset: 'G:/UE4/Epic Games/4.8/Engine/Content/Functions/Engine_MaterialFunctions01/Coordinates/UVRemap_0-1_ToRange.uasset' is outside repository
[2015.06.12-15.45.09:697][261]SourceControl: Info fatal: G:/UE4/Epic Games/4.8/Engine/Content/Functions/Engine_MaterialFunctions01/Debug/FunctionGraphSetup.uasset: 'G:/UE4/Epic Games/4.8/Engine/Content/Functions/Engine_MaterialFunctions01/Debug/FunctionGraphSetup.uasset' is outside repository
[2015.06.12-15.45.09:697][261]SourceControl: Info fatal: G:/UE4/Epic Games/4.8/Engine/Content/Functions/Engine_MaterialFunctions01/Density/ExponentialDensity.uasset: 'G:/UE4/Epic Games/4.8/Engine/Content/Functions/Engine_MaterialFunctions01/Density/ExponentialDensity.uasset' is outside repository
[2015.06.12-15.45.09:697][261]SourceControl: Info fatal: G:/UE4/Epic Games/4.8/Engine/Content/Functions/Engine_MaterialFunctions01/Gradient/DiamondGradient.uasset: 'G:/UE4/Epic Games/4.8/Engine/Content/Functions/Engine_MaterialFunctions01/Gradient/DiamondGradient.uasset' is outside repository
[2015.06.12-15.45.09:697][261]SourceControl: Info fatal: G:/UE4/Epic Games/4.8/Engine/Content/Functions/Engine_MaterialFunctions01/ImageAdjustment/3ColorBlend.uasset: 'G:/UE4/Epic Games/4.8/Engine/Content/Functions/Engine_MaterialFunctions01/ImageAdjustment/3ColorBlend.uasset' is outside repository
[2015.06.12-15.45.09:697][261]SourceControl: Info fatal: G:/UE4/Epic Games/4.8/Engine/Content/Functions/Engine_MaterialFunctions01/Lighting/PixelDepthOffset_Foliage.uasset: 'G:/UE4/Epic Games/4.8/Engine/Content/Functions/Engine_MaterialFunctions01/Lighting/PixelDepthOffset_Foliage.uasset' is outside repository
[2015.06.12-15.45.09:697][261]SourceControl: Info fatal: G:/UE4/Epic Games/4.8/Engine/Content/Functions/Engine_MaterialFunctions01/Opacity/AlphaOffset.uasset: 'G:/UE4/Epic Games/4.8/Engine/Content/Functions/Engine_MaterialFunctions01/Opacity/AlphaOffset.uasset' is outside repository
[2015.06.12-15.45.09:697][261]SourceControl: Info fatal: G:/UE4/Epic Games/4.8/Engine/Content/Functions/Engine_MaterialFunctions01/Reflections/ReflectionVectorSoft.uasset: 'G:/UE4/Epic Games/4.8/Engine/Content/Functions/Engine_MaterialFunctions01/Reflections/ReflectionVectorSoft.uasset' is outside repository
[2015.06.12-15.45.09:697][261]SourceControl: Info fatal: G:/UE4/Epic Games/4.8/Engine/Content/Functions/Engine_MaterialFunctions01/Shading/ConvertFromDiffSpec.uasset: 'G:/UE4/Epic Games/4.8/Engine/Content/Functions/Engine_MaterialFunctions01/Shading/ConvertFromDiffSpec.uasset' is outside repository
[2015.06.12-15.45.09:698][261]SourceControl: Info fatal: G:/UE4/Epic Games/4.8/Engine/Content/Functions/Engine_MaterialFunctions01/SpeedTree/SpeedTreeColorVariation.uasset: 'G:/UE4/Epic Games/4.8/Engine/Content/Functions/Engine_MaterialFunctions01/SpeedTree/SpeedTreeColorVariation.uasset' is outside repository
[2015.06.12-15.45.09:698][261]SourceControl: Info fatal: G:/UE4/Epic Games/4.8/Engine/Content/Functions/Engine_MaterialFunctions01/Texturing/BakedDisplacement.uasset: 'G:/UE4/Epic Games/4.8/Engine/Content/Functions/Engine_MaterialFunctions01/Texturing/BakedDisplacement.uasset' is outside repository
[2015.06.12-15.45.09:698][261]SourceControl: Info fatal: G:/UE4/Epic Games/4.8/Engine/Content/Functions/Engine_MaterialFunctions01/Vectors/MF_RotateVector_90.uasset: 'G:/UE4/Epic Games/4.8/Engine/Content/Functions/Engine_MaterialFunctions01/Vectors/MF_RotateVector_90.uasset' is outside repository
[2015.06.12-15.45.09:698][261]SourceControl: Info fatal: G:/UE4/Epic Games/4.8/Engine/Content/Functions/Engine_MaterialFunctions01/WorldPositionOffset/ConstantScalebyDistance.uasset: 'G:/UE4/Epic Games/4.8/Engine/Content/Functions/Engine_MaterialFunctions01/WorldPositionOffset/ConstantScalebyDistance.uasset' is outside repository
[2015.06.12-15.45.09:698][261]SourceControl: Info fatal: G:/UE4/Epic Games/4.8/Engine/Content/Functions/Engine_MaterialFunctions02/3PointLevels.uasset: 'G:/UE4/Epic Games/4.8/Engine/Content/Functions/Engine_MaterialFunctions02/3PointLevels.uasset' is outside repository
[2015.06.12-15.45.09:698][261]SourceControl: Info fatal: G:/UE4/Epic Games/4.8/Engine/Content/Functions/Engine_MaterialFunctions02/ExampleContent/3dParticleOpacityInstance.uasset: 'G:/UE4/Epic Games/4.8/Engine/Content/Functions/Engine_MaterialFunctions02/ExampleContent/3dParticleOpacityInstance.uasset' is outside repository
[2015.06.12-15.45.09:698][261]SourceControl: Info fatal: G:/UE4/Epic Games/4.8/Engine/Content/Functions/Engine_MaterialFunctions02/ExampleContent/MacroUVs/MacroUVs.uasset: 'G:/UE4/Epic Games/4.8/Engine/Content/Functions/Engine_MaterialFunctions02/ExampleContent/MacroUVs/MacroUVs.uasset' is outside repository
[2015.06.12-15.45.09:698][261]SourceControl: Info fatal: G:/UE4/Epic Games/4.8/Engine/Content/Functions/Engine_MaterialFunctions02/ExampleContent/TextureBasedWPO/DemoBox.uasset: 'G:/UE4/Epic Games/4.8/Engine/Content/Functions/Engine_MaterialFunctions02/ExampleContent/TextureBasedWPO/DemoBox.uasset' is outside repository
[2015.06.12-15.45.09:698][261]SourceControl: Info fatal: G:/UE4/Epic Games/4.8/Engine/Content/Functions/Engine_MaterialFunctions02/ExampleContent/Textures/DebugNumberPeriod.uasset: 'G:/UE4/Epic Games/4.8/Engine/Content/Functions/Engine_MaterialFunctions02/ExampleContent/Textures/DebugNumberPeriod.uasset' is outside repository
[2015.06.12-15.45.09:698][261]SourceControl: Info fatal: G:/UE4/Epic Games/4.8/Engine/Content/Functions/Engine_MaterialFunctions02/Gradients/GradientMap_Multi.uasset: 'G:/UE4/Epic Games/4.8/Engine/Content/Functions/Engine_MaterialFunctions02/Gradients/GradientMap_Multi.uasset' is outside repository
[2015.06.12-15.45.09:698][261]SourceControl: Info fatal: G:/UE4/Epic Games/4.8/Engine/Content/Functions/Engine_MaterialFunctions02/Math/AddComponents.uasset: 'G:/UE4/Epic Games/4.8/Engine/Content/Functions/Engine_MaterialFunctions02/Math/AddComponents.uasset' is outside repository
[2015.06.12-15.45.09:698][261]SourceControl: Info fatal: G:/UE4/Epic Games/4.8/Engine/Content/Functions/Engine_MaterialFunctions02/MAXScripts/MeshSequenceFlipbook_Script.uasset: 'G:/UE4/Epic Games/4.8/Engine/Content/Functions/Engine_MaterialFunctions02/MAXScripts/MeshSequenceFlipbook_Script.uasset' is outside repository
[2015.06.12-15.45.09:698][261]SourceControl: Info fatal: G:/UE4/Epic Games/4.8/Engine/Content/Functions/Engine_MaterialFunctions02/Normals/RotateNormalWhileMasking.uasset: 'G:/UE4/Epic Games/4.8/Engine/Content/Functions/Engine_MaterialFunctions02/Normals/RotateNormalWhileMasking.uasset' is outside repository
[2015.06.12-15.45.09:698][261]SourceControl: Info fatal: G:/UE4/Epic Games/4.8/Engine/Content/Functions/Engine_MaterialFunctions02/NotInUse/WorldAlignedNormals_HighQuality_optimizationAttempt.uasset: 'G:/UE4/Epic Games/4.8/Engine/Content/Functions/Engine_MaterialFunctions02/NotInUse/WorldAlignedNormals_HighQuality_optimizationAttempt.uasset' is outside repository
[2015.06.12-15.45.09:698][261]SourceControl: Info fatal: G:/UE4/Epic Games/4.8/Engine/Content/Functions/Engine_MaterialFunctions02/PivotPainter/PivotPainter_HierarchyData.uasset: 'G:/UE4/Epic Games/4.8/Engine/Content/Functions/Engine_MaterialFunctions02/PivotPainter/PivotPainter_HierarchyData.uasset' is outside repository
[2015.06.12-15.45.09:698][261]SourceControl: Info fatal: G:/UE4/Epic Games/4.8/Engine/Content/Functions/Engine_MaterialFunctions02/Texturing/3dParticleOpacity.uasset: 'G:/UE4/Epic Games/4.8/Engine/Content/Functions/Engine_MaterialFunctions02/Texturing/3dParticleOpacity.uasset' is outside repository
[2015.06.12-15.45.09:698][261]SourceControl: Info fatal: G:/UE4/Epic Games/4.8/Engine/Content/Functions/Engine_MaterialFunctions02/Utility/BlendAngleCorrectedNormals.uasset: 'G:/UE4/Epic Games/4.8/Engine/Content/Functions/Engine_MaterialFunctions02/Utility/BlendAngleCorrectedNormals.uasset' is outside repository
[2015.06.12-15.45.09:698][261]SourceControl: Info fatal: G:/UE4/Epic Games/4.8/Engine/Content/Functions/Engine_MaterialFunctions02/UVs/BoundingBoxBased_0-1_UVW.uasset: 'G:/UE4/Epic Games/4.8/Engine/Content/Functions/Engine_MaterialFunctions02/UVs/BoundingBoxBased_0-1_UVW.uasset' is outside repository
[2015.06.12-15.45.09:698][261]SourceControl: Info fatal: G:/UE4/Epic Games/4.8/Engine/Content/Functions/Engine_MaterialFunctions02/WorldPositionOffset/AdjustNormalsToCompensateForRotateAboutAxisOffset.uasset: 'G:/UE4/Epic Games/4.8/Engine/Content/Functions/Engine_MaterialFunctions02/WorldPositionOffset/AdjustNormalsToCompensateForRotateAboutAxisOffset.uasset' is outside repository
[2015.06.12-15.45.09:698][261]SourceControl: Info fatal: G:/UE4/Epic Games/4.8/Engine/Content/Functions/Engine_MaterialFunctions03/Blends/Blend_ColorBurn.uasset: 'G:/UE4/Epic Games/4.8/Engine/Content/Functions/Engine_MaterialFunctions03/Blends/Blend_ColorBurn.uasset' is outside repository
[2015.06.12-15.45.09:698][261]SourceControl: Info fatal: G:/UE4/Epic Games/4.8/Engine/Content/Functions/Engine_MaterialFunctions03/ComplexMotion/Motion_4WayChaos.uasset: 'G:/UE4/Epic Games/4.8/Engine/Content/Functions/Engine_MaterialFunctions03/ComplexMotion/Motion_4WayChaos.uasset' is outside repository
[2015.06.12-15.45.09:698][261]SourceControl: Info fatal: G:/UE4/Epic Games/4.8/Engine/Content/Functions/Engine_MaterialFunctions03/Particles/Distance_Blend.uasset: 'G:/UE4/Epic Games/4.8/Engine/Content/Functions/Engine_MaterialFunctions03/Particles/Distance_Blend.uasset' is outside repository
[2015.06.12-15.45.09:698][261]SourceControl: Info fatal: G:/UE4/Epic Games/4.8/Engine/Content/Functions/Engine_MaterialFunctions03/Procedurals/ComputeFilterWidth.uasset: 'G:/UE4/Epic Games/4.8/Engine/Content/Functions/Engine_MaterialFunctions03/Procedurals/ComputeFilterWidth.uasset' is outside repository
[2015.06.12-15.45.09:698][261]SourceControl: Info fatal: G:/UE4/Epic Games/4.8/Engine/Content/Functions/Engine_MaterialFunctions03/Texturing/CameraWorldBlend.uasset: 'G:/UE4/Epic Games/4.8/Engine/Content/Functions/Engine_MaterialFunctions03/Texturing/CameraWorldBlend.uasset' is outside repository
[2015.06.12-15.45.09:698][261]SourceControl: Info fatal: G:/UE4/Epic Games/4.8/Engine/Content/Functions/GetPostProcessFunctions/GetAmbientCubemapIntensity.uasset: 'G:/UE4/Epic Games/4.8/Engine/Content/Functions/GetPostProcessFunctions/GetAmbientCubemapIntensity.uasset' is outside repository
[2015.06.12-15.45.09:698][261]SourceControl: Info fatal: G:/UE4/Epic Games/4.8/Engine/Content/Functions/MaterialLayerFunctions/MatLayerBlend_AddWorldPositionOffset.uasset: 'G:/UE4/Epic Games/4.8/Engine/Content/Functions/MaterialLayerFunctions/MatLayerBlend_AddWorldPositionOffset.uasset' is outside repository
[2015.06.12-15.45.09:698][261]SourceControl: Info fatal: G:/UE4/Epic Games/4.8/Engine/Content/Maps/Entry.umap: 'G:/UE4/Epic Games/4.8/Engine/Content/Maps/Entry.umap' is outside repository
[2015.06.12-15.45.09:698][261]SourceControl: Info fatal: G:/UE4/Epic Games/4.8/Engine/Content/Maps/Templates/Template_Default.umap: 'G:/UE4/Epic Games/4.8/Engine/Content/Maps/Templates/Template_Default.umap' is outside repository
[2015.06.12-15.45.09:698][261]SourceControl: Info fatal: G:/UE4/Epic Games/4.8/Engine/Content/Maps/Templates/Thumbnails/Default.uasset: 'G:/UE4/Epic Games/4.8/Engine/Content/Maps/Templates/Thumbnails/Default.uasset' is outside repository
[2015.06.12-15.45.09:698][261]SourceControl: Info fatal: G:/UE4/Epic Games/4.8/Engine/Content/MapTemplates/Bokeh_5Sides.uasset: 'G:/UE4/Epic Games/4.8/Engine/Content/MapTemplates/Bokeh_5Sides.uasset' is outside repository
[2015.06.12-15.45.09:698][261]SourceControl: Info fatal: G:/UE4/Epic Games/4.8/Engine/Content/MapTemplates/lut/LUT_Afternoon.uasset: 'G:/UE4/Epic Games/4.8/Engine/Content/MapTemplates/lut/LUT_Afternoon.uasset' is outside repository
[2015.06.12-15.45.09:698][261]SourceControl: Info fatal: G:/UE4/Epic Games/4.8/Engine/Content/MapTemplates/Materials/BasicAsset01.uasset: 'G:/UE4/Epic Games/4.8/Engine/Content/MapTemplates/Materials/BasicAsset01.uasset' is outside repository
[2015.06.12-15.45.09:698][261]SourceControl: Info fatal: G:/UE4/Epic Games/4.8/Engine/Content/MapTemplates/Sky/DaylightAmbientCubemap.uasset: 'G:/UE4/Epic Games/4.8/Engine/Content/MapTemplates/Sky/DaylightAmbientCubemap.uasset' is outside repository
[2015.06.12-15.45.09:698][261]SourceControl: Info fatal: G:/UE4/Epic Games/4.8/Engine/Content/MaterialTemplates/Gradients/Gradient_Linear.uasset: 'G:/UE4/Epic Games/4.8/Engine/Content/MaterialTemplates/Gradients/Gradient_Linear.uasset' is outside repository
[2015.06.12-15.45.09:698][261]SourceControl: Info fatal: G:/UE4/Epic Games/4.8/Engine/Content/MaterialTemplates/PerfTricks/MultiChannelMask.uasset: 'G:/UE4/Epic Games/4.8/Engine/Content/MaterialTemplates/PerfTricks/MultiChannelMask.uasset' is outside repository
[2015.06.12-15.45.09:698][261]SourceControl: Info fatal: G:/UE4/Epic Games/4.8/Engine/Content/MaterialTemplates/Textures/T_multiMask.uasset: 'G:/UE4/Epic Games/4.8/Engine/Content/MaterialTemplates/Textures/T_multiMask.uasset' is outside repository
[2015.06.12-15.45.09:698][261]SourceControl: Info fatal: G:/UE4/Epic Games/4.8/Engine/Content/MaterialTemplates/VertexAnimation/AdvancedFlag.uasset: 'G:/UE4/Epic Games/4.8/Engine/Content/MaterialTemplates/VertexAnimation/AdvancedFlag.uasset' is outside repository
[2015.06.12-15.45.09:698][261]SourceControl: Info fatal: G:/UE4/Epic Games/4.8/Engine/Content/MobileResources/T_MobileControls_texture.uasset: 'G:/UE4/Epic Games/4.8/Engine/Content/MobileResources/T_MobileControls_texture.uasset' is outside repository
[2015.06.12-15.45.09:698][261]SourceControl: Info fatal: G:/UE4/Epic Games/4.8/Engine/Content/MobileResources/HUD/AnalogHat.uasset: 'G:/UE4/Epic Games/4.8/Engine/Content/MobileResources/HUD/AnalogHat.uasset' is outside repository
[2015.06.12-15.45.09:698][261]SourceControl: Info fatal: G:/UE4/Epic Games/4.8/Engine/Content/TemplateResources/MI_Template_BaseBlue.uasset: 'G:/UE4/Epic Games/4.8/Engine/Content/TemplateResources/MI_Template_BaseBlue.uasset' is outside repository
[2015.06.12-15.45.09:699][261]SourceControl: Info fatal: G:/UE4/Epic Games/4.8/Engine/Content/Tutorial/ContentIntroCurve.uasset: 'G:/UE4/Epic Games/4.8/Engine/Content/Tutorial/ContentIntroCurve.uasset' is outside repository
[2015.06.12-15.45.09:699][261]SourceControl: Info fatal: G:/UE4/Epic Games/4.8/Engine/Content/Tutorial/Audio/Audience.uasset: 'G:/UE4/Epic Games/4.8/Engine/Content/Tutorial/Audio/Audience.uasset' is outside repository
[2015.06.12-15.45.09:699][261]SourceControl: Info fatal: G:/UE4/Epic Games/4.8/Engine/Content/Tutorial/Basics/ContentBrowserOverview.uasset: 'G:/UE4/Epic Games/4.8/Engine/Content/Tutorial/Basics/ContentBrowserOverview.uasset' is outside repository
[2015.06.12-15.45.09:699][261]SourceControl: Info fatal: G:/UE4/Epic Games/4.8/Engine/Content/Tutorial/Basics/TutorialAssets/CameraActor_64x.uasset: 'G:/UE4/Epic Games/4.8/Engine/Content/Tutorial/Basics/TutorialAssets/CameraActor_64x.uasset' is outside repository
[2015.06.12-15.45.09:699][261]SourceControl: Info fatal: G:/UE4/Epic Games/4.8/Engine/Content/Tutorial/BlueprintTutorials/BlueprintEditorTutorial.uasset: 'G:/UE4/Epic Games/4.8/Engine/Content/Tutorial/BlueprintTutorials/BlueprintEditorTutorial.uasset' is outside repository
[2015.06.12-15.45.09:699][261]SourceControl: Info fatal: G:/UE4/Epic Games/4.8/Engine/Content/Tutorial/BlueprintTutorials/TutorialAssets/BlueprintFunctionLibrary_64x.uasset: 'G:/UE4/Epic Games/4.8/Engine/Content/Tutorial/BlueprintTutorials/TutorialAssets/BlueprintFunctionLibrary_64x.uasset' is outside repository
[2015.06.12-15.45.09:699][261]SourceControl: Info fatal: G:/UE4/Epic Games/4.8/Engine/Content/Tutorial/Code/AddingCode.uasset: 'G:/UE4/Epic Games/4.8/Engine/Content/Tutorial/Code/AddingCode.uasset' is outside repository
[2015.06.12-15.45.09:699][261]SourceControl: Info fatal: G:/UE4/Epic Games/4.8/Engine/Content/Tutorial/Foliage/FoliageWalkThrough.uasset: 'G:/UE4/Epic Games/4.8/Engine/Content/Tutorial/Foliage/FoliageWalkThrough.uasset' is outside repository
[2015.06.12-15.45.09:699][261]SourceControl: Info fatal: G:/UE4/Epic Games/4.8/Engine/Content/Tutorial/Foliage/TutorialAssets/Foliage.uasset: 'G:/UE4/Epic Games/4.8/Engine/Content/Tutorial/Foliage/TutorialAssets/Foliage.uasset' is outside repository
[2015.06.12-15.45.09:699][261]SourceControl: Info fatal: G:/UE4/Epic Games/4.8/Engine/Content/Tutorial/Installation/InstallingVisualStudioTutorial.uasset: 'G:/UE4/Epic Games/4.8/Engine/Content/Tutorial/Installation/InstallingVisualStudioTutorial.uasset' is outside repository
[2015.06.12-15.45.09:699][261]SourceControl: Info fatal: G:/UE4/Epic Games/4.8/Engine/Content/Tutorial/InWorldBlueprintEditing/IWBE_Tutorial.uasset: 'G:/UE4/Epic Games/4.8/Engine/Content/Tutorial/InWorldBlueprintEditing/IWBE_Tutorial.uasset' is outside repository
[2015.06.12-15.45.09:699][261]SourceControl: Info fatal: G:/UE4/Epic Games/4.8/Engine/Content/Tutorial/InWorldBlueprintEditing/TutorialAssets/IWBE_Blutility.uasset: 'G:/UE4/Epic Games/4.8/Engine/Content/Tutorial/InWorldBlueprintEditing/TutorialAssets/IWBE_Blutility.uasset' is outside repository
[2015.06.12-15.45.09:699][261]SourceControl: Info fatal: G:/UE4/Epic Games/4.8/Engine/Content/Tutorial/Landscape/LandscapeWalkThrough.uasset: 'G:/UE4/Epic Games/4.8/Engine/Content/Tutorial/Landscape/LandscapeWalkThrough.uasset' is outside repository
[2015.06.12-15.45.09:699][261]SourceControl: Info fatal: G:/UE4/Epic Games/4.8/Engine/Content/Tutorial/Landscape/TutorialAssets/Landscape.uasset: 'G:/UE4/Epic Games/4.8/Engine/Content/Tutorial/Landscape/TutorialAssets/Landscape.uasset' is outside repository
[2015.06.12-15.45.09:699][261]SourceControl: Info fatal: G:/UE4/Epic Games/4.8/Engine/Content/Tutorial/Mobile/CreatingSigningCertAndProvisionTutorial.uasset: 'G:/UE4/Epic Games/4.8/Engine/Content/Tutorial/Mobile/CreatingSigningCertAndProvisionTutorial.uasset' is outside repository
[2015.06.12-15.45.09:699][261]SourceControl: Info fatal: G:/UE4/Epic Games/4.8/Engine/Content/Tutorial/Mobile/TutorialAssets/android_Icon.uasset: 'G:/UE4/Epic Games/4.8/Engine/Content/Tutorial/Mobile/TutorialAssets/android_Icon.uasset' is outside repository
[2015.06.12-15.45.09:699][261]SourceControl: Info fatal: G:/UE4/Epic Games/4.8/Engine/Content/Tutorial/Paper2D/FlipbookEditorTutorial.uasset: 'G:/UE4/Epic Games/4.8/Engine/Content/Tutorial/Paper2D/FlipbookEditorTutorial.uasset' is outside repository
[2015.06.12-15.45.09:699][261]SourceControl: Info fatal: G:/UE4/Epic Games/4.8/Engine/Content/Tutorial/Paper2D/TutorialAssets/Paper2DFlipbook_TutorialIcon.uasset: 'G:/UE4/Epic Games/4.8/Engine/Content/Tutorial/Paper2D/TutorialAssets/Paper2DFlipbook_TutorialIcon.uasset' is outside repository
[2015.06.12-15.45.09:699][261]SourceControl: Info fatal: G:/UE4/Epic Games/4.8/Engine/Content/Tutorial/SubEditors/DestructibleMeshEditorTutorial.uasset: 'G:/UE4/Epic Games/4.8/Engine/Content/Tutorial/SubEditors/DestructibleMeshEditorTutorial.uasset' is outside repository
[2015.06.12-15.45.09:699][261]SourceControl: Info fatal: G:/UE4/Epic Games/4.8/Engine/Content/Tutorial/SubEditors/TutorialAssets/android_Icon.uasset: 'G:/UE4/Epic Games/4.8/Engine/Content/Tutorial/SubEditors/TutorialAssets/android_Icon.uasset' is outside repository
[2015.06.12-15.45.09:699][261]SourceControl: Info fatal: G:/UE4/Epic Games/4.8/Engine/Content/Tutorial/SubEditors/TutorialAssets/Character/NewBlendSpace1D.uasset: 'G:/UE4/Epic Games/4.8/Engine/Content/Tutorial/SubEditors/TutorialAssets/Character/NewBlendSpace1D.uasset' is outside repository
[2015.06.12-15.45.09:699][261]SourceControl: Info fatal: G:/UE4/Epic Games/4.8/Engine/Plugins/2D/Paper2D/Content/DefaultLitSpriteMaterial.uasset: 'G:/UE4/Epic Games/4.8/Engine/Plugins/2D/Paper2D/Content/DefaultLitSpriteMaterial.uasset' is outside repository
[2015.06.12-15.45.09:699][261]SourceControl: Info fatal: G:/UE4/Epic Games/4.8/Engine/Plugins/2D/Paper2D/Content/PlaceholderTextures/DummySpriteTexture.uasset: 'G:/UE4/Epic Games/4.8/Engine/Plugins/2D/Paper2D/Content/PlaceholderTextures/DummySpriteTexture.uasset' is outside repository
[2015.06.12-15.45.09:699][261]SourceControl: Info fatal: G:/UE4/Epic Games/4.8/Engine/Plugins/Runtime/LeapMotionController/Content/LM_CapsuleMesh.uasset: 'G:/UE4/Epic Games/4.8/Engine/Plugins/Runtime/LeapMotionController/Content/LM_CapsuleMesh.uasset' is outside repository
[2015.06.12-15.45.09:699][261]SourceControl: Info fatal: G:/UE4/Epic Games/4.8/Engine/Content/: 'G:/UE4/Epic Games/4.8/Engine/Content/' is outside repository
[2015.06.12-15.45.32:563][892]Cmd: OBJ SAVEPACKAGE PACKAGE="/Game/Maps/LevelTest" FILE="../../../../../git/Naga_Quest/Content/Maps/LevelTest.umap" SILENT=true AUTOSAVING=false KEEPDIRTY=false
[2015.06.12-15.45.32:564][892]LogActorComponent: UnregisterComponent: (/Engine/Transient.CharMoveComp) Not registered. Aborting.
[2015.06.12-15.45.32:734][892]LogSavePackage: Save=118.910629ms
[2015.06.12-15.45.32:734][892]LogSavePackage: Moving '../../../../../git/Naga_Quest/Saved/LevelTest5109E5994E49282E4CD837A635BA05E5.tmp' to '../../../../../git/Naga_Quest/Content/Maps/LevelTest.umap'
[2015.06.12-15.45.55:773][853]LogActorComponent: UnregisterComponent: (/Engine/Transient.CharMoveComp) Not registered. Aborting.
[2015.06.12-15.45.58:993][853]Cmd: OBJ SAVEPACKAGE PACKAGE="/Game/Maps/helloworld" FILE="../../../../../git/Naga_Quest/Content/Maps/helloworld.umap" SILENT=true AUTOSAVING=false KEEPDIRTY=false
[2015.06.12-15.45.59:008][853]LogSavePackage: Save=3.185153ms
[2015.06.12-15.45.59:009][853]LogSavePackage: Moving '../../../../../git/Naga_Quest/Saved/helloworldFA0436ED429CA2FB4960FBAA26B07167.tmp' to '../../../../../git/Naga_Quest/Content/Maps/helloworld.umap'
[2015.06.12-15.45.59:051][853]LogFileHelpers: Saving map 'helloworld' took 0.088
[2015.06.12-15.45.59:303][854]Cmd: QUIT_EDITOR
[2015.06.12-15.45.59:508][854]LogExit: Preparing to exit.
[2015.06.12-15.46.00:416][854]LogExit: Editor shut down
[2015.06.12-15.46.00:417][854]LogExit: Transaction tracking system shut down
[2015.06.12-15.46.00:418][854]LogParticles: Destroying 0 GPU particle simulations for FXSystem 0x000000000FB50680
[2015.06.12-15.46.00:418][854]LogParticles: Destroying 0 GPU particle simulations for FXSystem 0x000000001094D120
[2015.06.12-15.46.00:418][854]LogParticles: Destroying 0 GPU particle simulations for FXSystem 0x000000000D65F2E0
[2015.06.12-15.46.00:418][854]LogParticles: Destroying 0 GPU particle simulations for FXSystem 0x000000002C12A2A0
[2015.06.12-15.46.00:418][854]LogParticles: Destroying 0 GPU particle simulations for FXSystem 0x000000002E3B76A0
[2015.06.12-15.46.00:418][854]LogParticles: Destroying 0 GPU particle simulations for FXSystem 0x000000001094CAE0
[2015.06.12-15.46.00:522][854]LogParticles: Destroying 0 GPU particle simulations for FXSystem 0x000000002E2EE660
[2015.06.12-15.46.00:522][854]LogExit: Object subsystem successfully closed.
[2015.06.12-15.46.00:583][854]LogModuleManager: Shutting down and abandoning module CrashTracker (188)
[2015.06.12-15.46.00:583][854]LogModuleManager: Shutting down and abandoning module SceneOutliner (187)
[2015.06.12-15.46.00:583][854]LogModuleManager: Shutting down and abandoning module SuperSearch (186)
[2015.06.12-15.46.00:583][854]LogModuleManager: Shutting down and abandoning module WidgetCarousel (185)
[2015.06.12-15.46.00:583][854]LogModuleManager: Shutting down and abandoning module AddContentDialog (184)
[2015.06.12-15.46.00:583][854]LogModuleManager: Shutting down and abandoning module EditorWidgets (183)
[2015.06.12-15.46.00:583][854]LogModuleManager: Shutting down and abandoning module CollectionManager (182)
[2015.06.12-15.46.00:583][854]LogModuleManager: Shutting down and abandoning module StatsViewer (181)
[2015.06.12-15.46.00:583][854]LogModuleManager: Shutting down and abandoning module FoliageEdit (180)
[2015.06.12-15.46.00:583][854]LogModuleManager: Shutting down and abandoning module LandscapeEditor (179)
[2015.06.12-15.46.00:583][854]LogModuleManager: Shutting down and abandoning module ActorPickerMode (178)
[2015.06.12-15.46.00:583][854]LogModuleManager: Shutting down and abandoning module GeometryMode (177)
[2015.06.12-15.46.00:583][854]LogModuleManager: Shutting down and abandoning module TextureAlignMode (176)
[2015.06.12-15.46.00:583][854]LogModuleManager: Shutting down and abandoning module BspMode (175)
[2015.06.12-15.46.00:583][854]LogModuleManager: Shutting down and abandoning module PlacementMode (174)
[2015.06.12-15.46.00:583][854]LogModuleManager: Shutting down and abandoning module AutomationWorker (173)
[2015.06.12-15.46.00:583][854]LogModuleManager: Shutting down and abandoning module CharacterAI (172)
[2015.06.12-15.46.00:583][854]LogModuleManager: Shutting down and abandoning module SmartSnapping (171)
[2015.06.12-15.46.00:583][854]LogModuleManager: Shutting down and abandoning module ViewportSnapping (170)
[2015.06.12-15.46.00:583][854]LogModuleManager: Shutting down and abandoning module LogVisualizer (169)
[2015.06.12-15.46.00:583][854]LogModuleManager: Shutting down and abandoning module GameProjectGeneration (168)
[2015.06.12-15.46.00:583][854]LogModuleManager: Shutting down and abandoning module IntroTutorials (167)
[2015.06.12-15.46.00:583][854]LogModuleManager: Shutting down and abandoning module EditorLiveStreaming (166)
[2015.06.12-15.46.00:583][854]LogModuleManager: Shutting down and abandoning module IOSPlatformEditor (165)
[2015.06.12-15.46.00:583][854]LogModuleManager: Shutting down and abandoning module HTML5PlatformEditor (164)
[2015.06.12-15.46.00:583][854]LogModuleManager: Shutting down and abandoning module AndroidDeviceDetection (163)
[2015.06.12-15.46.01:572][854]LogModuleManager: Shutting down and abandoning module AndroidPlatformEditor (162)
[2015.06.12-15.46.01:572][854]LogModuleManager: Shutting down and abandoning module IOSRuntimeSettings (161)
[2015.06.12-15.46.01:572][854]LogModuleManager: Shutting down and abandoning module AndroidRuntimeSettings (160)
[2015.06.12-15.46.01:572][854]LogModuleManager: Shutting down and abandoning module MergeActors (159)
[2015.06.12-15.46.01:572][854]LogModuleManager: Shutting down and abandoning module SizeMap (158)
[2015.06.12-15.46.01:572][854]LogModuleManager: Shutting down and abandoning module TreeMap (157)
[2015.06.12-15.46.01:572][854]LogModuleManager: Shutting down and abandoning module ReferenceViewer (156)
[2015.06.12-15.46.01:572][854]LogModuleManager: Shutting down and abandoning module LocalizationDashboard (155)
[2015.06.12-15.46.01:572][854]LogModuleManager: Shutting down and abandoning module HardwareTargeting (154)
[2015.06.12-15.46.01:572][854]LogModuleManager: Shutting down and abandoning module DeviceProfileEditor (153)
[2015.06.12-15.46.01:572][854]LogModuleManager: Shutting down and abandoning module UndoHistory (152)
[2015.06.12-15.46.01:572][854]LogModuleManager: Shutting down and abandoning module GameplayTagsEditor (151)
[2015.06.12-15.46.01:572][854]LogModuleManager: Shutting down and abandoning module UserFeedback (150)
[2015.06.12-15.46.01:572][854]LogModuleManager: Shutting down and abandoning module XmlParser (149)
[2015.06.12-15.46.01:572][854]LogModuleManager: Shutting down and abandoning module Blutility (148)
[2015.06.12-15.46.01:572][854]LogModuleManager: Shutting down and abandoning module ProjectTargetPlatformEditor (147)
[2015.06.12-15.46.01:572][854]LogModuleManager: Shutting down and abandoning module ProjectSettingsViewer (146)
[2015.06.12-15.46.01:572][854]LogModuleManager: Shutting down and abandoning module InputBindingEditor (145)
[2015.06.12-15.46.01:572][854]LogModuleManager: Shutting down and abandoning module EditorSettingsViewer (144)
[2015.06.12-15.46.01:572][854]LogModuleManager: Shutting down and abandoning module SettingsEditor (143)
[2015.06.12-15.46.01:572][854]LogModuleManager: Shutting down and abandoning module ProjectLauncher (142)
[2015.06.12-15.46.01:572][854]LogModuleManager: Shutting down and abandoning module SessionFrontend (141)
[2015.06.12-15.46.01:572][854]LogModuleManager: Shutting down and abandoning module ProfilerClient (140)
[2015.06.12-15.46.01:572][854]LogModuleManager: Shutting down and abandoning module TargetDeviceServices (139)
[2015.06.12-15.46.01:572][854]LogModuleManager: Shutting down and abandoning module DeviceManager (138)
[2015.06.12-15.46.01:572][854]LogModuleManager: Shutting down and abandoning module AutomationController (137)
[2015.06.12-15.46.01:572][854]LogModuleManager: Shutting down and abandoning module AutomationWindow (136)
[2015.06.12-15.46.01:572][854]LogModuleManager: Shutting down and abandoning module Layers (135)
[2015.06.12-15.46.01:572][854]LogModuleManager: Shutting down and abandoning module ComponentVisualizers (134)
[2015.06.12-15.46.01:572][854]LogModuleManager: Shutting down and abandoning module DetailCustomizations (133)
[2015.06.12-15.46.01:572][854]LogModuleManager: Shutting down and abandoning module PackagesDialog (132)
[2015.06.12-15.46.01:573][854]LogModuleManager: Shutting down and abandoning module AssetRegistry (131)
[2015.06.12-15.46.01:651][854]LogModuleManager: Shutting down and abandoning module Persona (130)
[2015.06.12-15.46.01:651][854]LogModuleManager: Shutting down and abandoning module Kismet (129)
[2015.06.12-15.46.01:651][854]LogModuleManager: Shutting down and abandoning module GraphEditor (128)
[2015.06.12-15.46.01:651][854]LogModuleManager: Shutting down and abandoning module ClassViewer (127)
[2015.06.12-15.46.01:651][854]LogModuleManager: Shutting down and abandoning module Toolbox (126)
[2015.06.12-15.46.01:651][854]LogModuleManager: Shutting down and abandoning module ModuleUI (125)
[2015.06.12-15.46.01:651][854]LogModuleManager: Shutting down and abandoning module MovieSceneTools (124)
[2015.06.12-15.46.01:651][854]LogModuleManager: Shutting down and abandoning module OutputLog (123)
[2015.06.12-15.46.01:651][854]LogModuleManager: Shutting down and abandoning module GammaUI (122)
[2015.06.12-15.46.01:651][854]LogModuleManager: Shutting down and abandoning module Documentation (121)
[2015.06.12-15.46.01:651][854]LogModuleManager: Shutting down and abandoning module GameLiveStreaming (120)
[2015.06.12-15.46.01:651][854]LogModuleManager: Shutting down and abandoning module StreamingPauseRendering (119)
[2015.06.12-15.46.01:651][854]LogModuleManager: Shutting down and abandoning module AnalyticsET (118)
[2015.06.12-15.46.01:651][854]LogModuleManager: Shutting down and abandoning module Analytics (117)
[2015.06.12-15.46.01:651][854]LogModuleManager: Shutting down and abandoning module AITestSuite (116)
[2015.06.12-15.46.01:651][854]LogModuleManager: Shutting down and abandoning module GameplayDebugger (115)
[2015.06.12-15.46.01:651][854]LogModuleManager: Shutting down and abandoning module AIModule (114)
[2015.06.12-15.46.01:651][854]LogModuleManager: Shutting down and abandoning module ProfilerService (113)
[2015.06.12-15.46.01:884][854]LogModuleManager: Shutting down and abandoning module TaskGraph (112)
[2015.06.12-15.46.01:884][854]LogModuleManager: Shutting down and abandoning module SlateRemote (111)
[2015.06.12-15.46.01:884][854]LogModuleManager: Shutting down and abandoning module SteamVRController (110)
[2015.06.12-15.46.01:884][854]LogModuleManager: Shutting down and abandoning module SteamVR (109)
[2015.06.12-15.46.01:884][854]LogModuleManager: Shutting down and abandoning module ProceduralMeshComponent (108)
[2015.06.12-15.46.01:884][854]LogModuleManager: Shutting down and abandoning module OculusRift (107)
[2015.06.12-15.46.01:884][854]LogModuleManager: Shutting down and abandoning module LeapMotionController (106)
[2015.06.12-15.46.01:896][854]LogModuleManager: Shutting down and abandoning module CustomMeshComponent (105)
[2015.06.12-15.46.01:896][854]LogModuleManager: Shutting down and abandoning module CableComponent (104)
[2015.06.12-15.46.01:896][854]LogModuleManager: Shutting down and abandoning module MessagingDebugger (103)
[2015.06.12-15.46.01:896][854]LogModuleManager: Shutting down and abandoning module MediaPlayerEditor (102)
[2015.06.12-15.46.01:896][854]LogModuleManager: Shutting down and abandoning module SpeedTreeImporter (101)
[2015.06.12-15.46.01:896][854]LogModuleManager: Shutting down and abandoning module PluginBrowser (100)
[2015.06.12-15.46.01:896][854]LogModuleManager: Shutting down and abandoning module EpicSurvey (99)
[2015.06.12-15.46.01:896][854]LogModuleManager: Shutting down and abandoning module DesktopPlatform (98)
[2015.06.12-15.46.01:896][854]LogModuleManager: Shutting down and abandoning module VisualStudioSourceCodeAccess (97)
[2015.06.12-15.46.01:896][854]LogModuleManager: Shutting down and abandoning module UObjectPlugin (96)
[2015.06.12-15.46.01:896][854]LogModuleManager: Shutting down and abandoning module SubversionSourceControl (95)
[2015.06.12-15.46.01:896][854]LogModuleManager: Shutting down and abandoning module PerforceSourceControl (94)
[2015.06.12-15.46.01:896][854]LogModuleManager: Shutting down and abandoning module SourceControl (93)
[2015.06.12-15.46.01:896][854]LogModuleManager: Shutting down and abandoning module GitSourceControl (92)
[2015.06.12-15.46.01:896][854]LogModuleManager: Shutting down and abandoning module BlankPlugin (91)
[2015.06.12-15.46.01:896][854]LogModuleManager: Shutting down and abandoning module PaperTiledImporter (90)
[2015.06.12-15.46.01:896][854]LogModuleManager: Shutting down and abandoning module PaperSpriteSheetImporter (89)
[2015.06.12-15.46.01:896][854]LogModuleManager: Shutting down and abandoning module MeshPaint (88)
[2015.06.12-15.46.01:896][854]LogModuleManager: Shutting down and abandoning module SlateReflector (87)
[2015.06.12-15.46.01:896][854]LogModuleManager: Shutting down and abandoning module DirectoryWatcher (86)
[2015.06.12-15.46.01:897][854]LogModuleManager: Shutting down and abandoning module HotReload (85)
[2015.06.12-15.46.01:897][854]LogModuleManager: Shutting down and abandoning module MainFrame (84)
[2015.06.12-15.46.01:897][854]LogModuleManager: Shutting down and abandoning module LevelEditor (83)
[2015.06.12-15.46.01:898][854]LogModuleManager: Shutting down and abandoning module ContentBrowser (82)
[2015.06.12-15.46.01:898][854]LogModuleManager: Shutting down and abandoning module Paper2DEditor (81)
[2015.06.12-15.46.01:898][854]LogModuleManager: Shutting down and abandoning module UdpMessaging (80)
[2015.06.12-15.46.01:998][854]LogModuleManager: Shutting down and abandoning module Paper2D (79)
[2015.06.12-15.46.01:998][854]LogModuleManager: Shutting down and abandoning module WindowsMoviePlayer (78)
[2015.06.12-15.46.02:000][854]LogModuleManager: Shutting down and abandoning module Media (77)
[2015.06.12-15.46.02:000][854]LogModuleManager: Shutting down and abandoning module WmfMedia (76)
[2015.06.12-15.46.02:000][854]LogModuleManager: Shutting down and abandoning module OnlineBlueprintSupport (75)
[2015.06.12-15.46.02:000][854]LogModuleManager: Shutting down and abandoning module PropertyEditor (74)
[2015.06.12-15.46.02:000][854]LogModuleManager: Shutting down and abandoning module BehaviorTreeEditor (73)
[2015.06.12-15.46.02:000][854]LogModuleManager: Shutting down and abandoning module FunctionalTesting (72)
[2015.06.12-15.46.02:000][854]LogModuleManager: Shutting down and abandoning module CollisionAnalyzer (71)
[2015.06.12-15.46.02:000][854]LogModuleManager: Shutting down and abandoning module WorkspaceMenuStructure (70)
[2015.06.12-15.46.02:000][854]LogModuleManager: Shutting down and abandoning module MessageLog (69)
[2015.06.12-15.46.02:000][854]LogModuleManager: Shutting down and abandoning module Sequencer (68)
[2015.06.12-15.46.02:000][854]LogModuleManager: Shutting down and abandoning module AssetTools (67)
[2015.06.12-15.46.02:001][854]LogModuleManager: Shutting down and abandoning module UMGEditor (66)
[2015.06.12-15.46.02:001][854]LogModuleManager: Shutting down and abandoning module UMG (65)
[2015.06.12-15.46.02:001][854]LogModuleManager: Shutting down and abandoning module Slate (64)
[2015.06.12-15.46.02:001][854]LogModuleManager: Shutting down and abandoning module EditorStyle (63)
[2015.06.12-15.46.02:003][854]LogModuleManager: Shutting down and abandoning module SessionServices (62)
[2015.06.12-15.46.02:003][854]LogModuleManager: Shutting down and abandoning module SourceCodeAccess (61)
[2015.06.12-15.46.02:003][854]LogModuleManager: Shutting down and abandoning module HeadMountedDisplay (60)
[2015.06.12-15.46.02:003][854]LogModuleManager: Shutting down and abandoning module XAudio2 (59)
[2015.06.12-15.46.02:003][854]LogModuleManager: Shutting down and abandoning module Networking (57)
[2015.06.12-15.46.02:003][854]LogModuleManager: Shutting down and abandoning module Core (56)
[2015.06.12-15.46.02:003][854]LogModuleManager: Shutting down and abandoning module KismetCompiler (55)
[2015.06.12-15.46.02:003][854]LogModuleManager: Shutting down and abandoning module PhysXFormats (54)
[2015.06.12-15.46.02:003][854]LogModuleManager: Shutting down and abandoning module MeshUtilities (53)
[2015.06.12-15.46.02:003][854]LogModuleManager: Shutting down and abandoning module DerivedDataCache (52)
[2015.06.12-15.46.02:071][854]LogDerivedDataCache: Shutdown
[2015.06.12-15.46.02:071][854]LogModuleManager: Shutting down and abandoning module ShaderFormatOpenGL (51)
[2015.06.12-15.46.02:071][854]LogModuleManager: Shutting down and abandoning module ShaderFormatD3D (50)
[2015.06.12-15.46.02:071][854]LogModuleManager: Shutting down and abandoning module MetalShaderFormat (49)
[2015.06.12-15.46.02:071][854]LogModuleManager: Shutting down and abandoning module TextureFormatUncompressed (48)
[2015.06.12-15.46.02:071][854]LogModuleManager: Shutting down and abandoning module TextureFormatPVR (47)
[2015.06.12-15.46.02:071][854]LogModuleManager: Shutting down and abandoning module TextureFormatIntelISPCTexComp (46)
[2015.06.12-15.46.02:071][854]LogModuleManager: Shutting down and abandoning module TextureFormatDXT (45)
[2015.06.12-15.46.02:071][854]LogModuleManager: Shutting down and abandoning module ImageWrapper (44)
[2015.06.12-15.46.02:071][854]LogModuleManager: Shutting down and abandoning module TextureFormatASTC (43)
[2015.06.12-15.46.02:071][854]LogModuleManager: Shutting down and abandoning module TextureFormatAndroid (42)
[2015.06.12-15.46.02:071][854]LogModuleManager: Shutting down and abandoning module AudioFormatOpus (41)
[2015.06.12-15.46.02:071][854]LogModuleManager: Shutting down and abandoning module AudioFormatOgg (40)
[2015.06.12-15.46.02:071][854]LogModuleManager: Shutting down and abandoning module AudioFormatADPCM (39)
[2015.06.12-15.46.02:071][854]LogModuleManager: Shutting down and abandoning module LinuxTargetPlatform (38)
[2015.06.12-15.46.02:071][854]LogModuleManager: Shutting down and abandoning module LinuxServerTargetPlatform (37)
[2015.06.12-15.46.02:071][854]LogModuleManager: Shutting down and abandoning module LinuxNoEditorTargetPlatform (36)
[2015.06.12-15.46.02:071][854]LogModuleManager: Shutting down and abandoning module Messaging (35)
[2015.06.12-15.46.02:071][854]LogModuleManager: Shutting down and abandoning module IOSTargetPlatform (34)
[2015.06.12-15.46.02:071][854]LogModuleManager: Shutting down and abandoning module HTML5TargetPlatform (33)
[2015.06.12-15.46.02:071][854]LogModuleManager: Shutting down and abandoning module Android_PVRTCTargetPlatform (32)
[2015.06.12-15.46.02:071][854]LogModuleManager: Shutting down and abandoning module Android_ETC2TargetPlatform (31)
[2015.06.12-15.46.02:071][854]LogModuleManager: Shutting down and abandoning module Android_ETC1TargetPlatform (30)
[2015.06.12-15.46.02:071][854]LogModuleManager: Shutting down and abandoning module Android_DXTTargetPlatform (29)
[2015.06.12-15.46.02:071][854]LogModuleManager: Shutting down and abandoning module Android_ATCTargetPlatform (28)
[2015.06.12-15.46.02:071][854]LogModuleManager: Shutting down and abandoning module Android_ASTCTargetPlatform (27)
[2015.06.12-15.46.02:071][854]LogModuleManager: Shutting down and abandoning module AndroidTargetPlatform (26)
[2015.06.12-15.46.02:071][854]LogModuleManager: Shutting down and abandoning module WindowsTargetPlatform (25)
[2015.06.12-15.46.02:071][854]LogModuleManager: Shutting down and abandoning module WindowsServerTargetPlatform (24)
[2015.06.12-15.46.02:071][854]LogModuleManager: Shutting down and abandoning module WindowsNoEditorTargetPlatform (23)
[2015.06.12-15.46.02:071][854]LogModuleManager: Shutting down and abandoning module WindowsClientTargetPlatform (22)
[2015.06.12-15.46.02:071][854]LogModuleManager: Shutting down and abandoning module DesktopTargetPlatform (21)
[2015.06.12-15.46.02:071][854]LogModuleManager: Shutting down and abandoning module TargetPlatform (20)
[2015.06.12-15.46.02:071][854]LogModuleManager: Shutting down and abandoning module InputCore (19)
[2015.06.12-15.46.02:071][854]LogModuleManager: Shutting down and abandoning module Settings (18)
[2015.06.12-15.46.02:071][854]LogModuleManager: Shutting down and abandoning module OnlineSubsystem (16)
[2015.06.12-15.46.02:071][854]LogModuleManager: Shutting down and abandoning module HTTP (15)
[2015.06.12-15.46.02:071][854]LogModuleManager: Shutting down and abandoning module ExampleDeviceProfileSelector (14)
[2015.06.12-15.46.02:071][854]LogModuleManager: Shutting down and abandoning module TextureCompressor (13)
[2015.06.12-15.46.02:071][854]LogModuleManager: Shutting down and abandoning module ShaderCore (12)
[2015.06.12-15.46.02:071][854]LogModuleManager: Shutting down and abandoning module Landscape (11)
[2015.06.12-15.46.02:071][854]LogModuleManager: Shutting down and abandoning module SlateRHIRenderer (10)
[2015.06.12-15.46.02:072][854]LogModuleManager: Shutting down and abandoning module OpenGLDrv (9)
[2015.06.12-15.46.02:072][854]LogModuleManager: Shutting down and abandoning module D3D11RHI (8)
[2015.06.12-15.46.02:072][854]LogModuleManager: Shutting down and abandoning module Renderer (7)
[2015.06.12-15.46.02:072][854]LogModuleManager: Shutting down and abandoning module Engine (6)
[2015.06.12-15.46.02:072][854]LogModuleManager: Shutting down and abandoning module CoreUObject (5)
[2015.06.12-15.46.02:072][854]LogModuleManager: Shutting down and abandoning module NetworkFile (4)
[2015.06.12-15.46.02:072][854]LogModuleManager: Shutting down and abandoning module StreamingFile (3)
[2015.06.12-15.46.02:072][854]LogModuleManager: Shutting down and abandoning module SandboxFile (2)
[2015.06.12-15.46.02:072][854]LogModuleManager: Shutting down and abandoning module PakFile (1)
[2015.06.12-15.46.02:073][854]LogExit: Exiting.
[2015.06.12-15.46.02:079][854]Log file closed, 06/12/15 17:46:02
